INFO:scholarly:Getting https://scholar.google.com/citations?hl=en&view_op=search_authors&mauthors=Hossein%20Haghbin
INFO:scholarly:Session proxy config is {}
INFO:scholarly:Found 2 authors
INFO:scholarly:Getting https://scholar.google.com/citations?hl=en&view_op=search_authors&mauthors=Hossein%20Haghbin
INFO:scholarly:Session proxy config is {}
INFO:scholarly:Found 2 authors
INFO:scholarly:Getting https://scholar.google.com/citations?hl=en&view_op=search_authors&mauthors=Hossein%20Haghbin
INFO:scholarly:Session proxy config is {}
INFO:scholarly:Found 2 authors
INFO:scholarly:Getting https://scholar.google.com/citations?hl=en&view_op=search_authors&mauthors=Hossein%20Haghbin
INFO:scholarly:Session proxy config is {}
INFO:scholarly:Found 2 authors
INFO:scholarly:Getting https://scholar.google.com/citations?hl=en&view_op=search_authors&mauthors=Hossein%20Haghbin
INFO:scholarly:Session proxy config is {}
INFO:scholarly:Found 2 authors
INFO:scholarly:Getting https://scholar.google.com/citations?hl=en&view_op=search_authors&mauthors=Hossein%20Haghbin
INFO:scholarly:Session proxy config is {}
INFO:scholarly:Found 2 authors
INFO:scholarly:Getting https://scholar.google.com/citations?hl=en&view_op=search_authors&mauthors=Hossein%20Haghbin
INFO:scholarly:Session proxy config is {}
INFO:scholarly:Found 2 authors
INFO:scholarly:Getting https://scholar.google.com/citations?hl=en&view_op=search_authors&mauthors=Hossein%20Haghbin
INFO:scholarly:Session proxy config is {}
INFO:scholarly:Found 2 authors
INFO:scholarly:Getting https://scholar.google.com/citations?hl=en&view_op=search_authors&mauthors=Hossein%20Haghbin
INFO:scholarly:Session proxy config is {}
INFO:scholarly:Found 2 authors
INFO:scholarly:Getting https://scholar.google.com/citations?hl=en&user=yeRSqxAAAAAJ&pagesize=100
INFO:scholarly:Session proxy config is {}
INFO:scholarly:Getting https://scholar.google.com/citations?hl=en&view_op=search_authors&mauthors=Hossein%20Haghbin
INFO:scholarly:Session proxy config is {}
INFO:scholarly:Found 2 authors
INFO:scholarly:Getting https://scholar.google.com/citations?hl=en&user=yeRSqxAAAAAJ&pagesize=100
INFO:scholarly:Session proxy config is {}
INFO:scholarly:Getting https://scholar.google.com/citations?hl=en&view_op=search_authors&mauthors=Hossein%20Haghbin
INFO:scholarly:Session proxy config is {}
INFO:scholarly:Found 2 authors
INFO:scholarly:Getting https://scholar.google.com/citations?hl=en&user=yeRSqxAAAAAJ&pagesize=100
INFO:scholarly:Session proxy config is {}
INFO:scholarly:Getting https://scholar.google.com/citations?hl=en&view_op=search_authors&mauthors=Hossein%20Haghbin
INFO:scholarly:Session proxy config is {}
INFO:scholarly:Found 2 authors
INFO:scholarly:Getting https://scholar.google.com/citations?hl=en&user=yeRSqxAAAAAJ&pagesize=100
INFO:scholarly:Session proxy config is {}
INFO:scholarly:Getting https://scholar.google.com/citations?hl=en&view_op=search_authors&mauthors=Hossein%20Haghbin
INFO:scholarly:Session proxy config is {}
INFO:scholarly:Found 2 authors
INFO:scholarly:Getting https://scholar.google.com/citations?hl=en&user=yeRSqxAAAAAJ&pagesize=100
INFO:scholarly:Session proxy config is {}
INFO:scholarly:Getting https://scholar.google.com/citations?hl=en&view_op=search_authors&mauthors=Hossein%20Haghbin
INFO:scholarly:Session proxy config is {}
INFO:scholarly:Found 2 authors
INFO:scholarly:Getting https://scholar.google.com/citations?hl=en&user=yeRSqxAAAAAJ&pagesize=100
INFO:scholarly:Session proxy config is {}
INFO:scholarly:Getting https://scholar.google.com/citations?hl=en&view_op=search_authors&mauthors=Hossein%20Haghbin
INFO:scholarly:Session proxy config is {}
INFO:scholarly:Found 2 authors
INFO:scholarly:Getting https://scholar.google.com/citations?hl=en&user=yeRSqxAAAAAJ&pagesize=100
INFO:scholarly:Session proxy config is {}
INFO:scholarly:Getting https://scholar.google.com/citations?hl=en&view_op=search_authors&mauthors=Hossein%20Haghbin
INFO:scholarly:Session proxy config is {}
INFO:scholarly:Found 2 authors
INFO:scholarly:Getting https://scholar.google.com/citations?hl=en&user=yeRSqxAAAAAJ&pagesize=100
INFO:scholarly:Session proxy config is {}
INFO:scholarly:Getting https://scholar.google.com/citations?hl=en&view_op=search_authors&mauthors=Hossein%20Haghbin
INFO:scholarly:Session proxy config is {}
INFO:scholarly:Found 2 authors
INFO:scholarly:Getting https://scholar.google.com/citations?hl=en&user=yeRSqxAAAAAJ&pagesize=100
INFO:scholarly:Session proxy config is {}
INFO:scholarly:Getting https://scholar.google.com/citations?hl=en&view_op=search_authors&mauthors=Hossein%20Haghbin
INFO:scholarly:Session proxy config is {}
INFO:scholarly:Found 2 authors
INFO:scholarly:Getting https://scholar.google.com/citations?hl=en&user=yeRSqxAAAAAJ&pagesize=100
INFO:scholarly:Session proxy config is {}
INFO:scholarly:Getting https://scholar.google.com/citations?hl=en&view_op=search_authors&mauthors=Hossein%20Haghbin
INFO:scholarly:Session proxy config is {}
INFO:scholarly:Found 2 authors
INFO:scholarly:Getting https://scholar.google.com/citations?hl=en&user=yeRSqxAAAAAJ&pagesize=100
INFO:scholarly:Session proxy config is {}
INFO:scholarly:Getting https://scholar.google.com/citations?hl=en&view_op=search_authors&mauthors=Hossein%20Haghbin
INFO:scholarly:Session proxy config is {}
INFO:scholarly:Found 2 authors
INFO:scholarly:Getting https://scholar.google.com/citations?hl=en&user=yeRSqxAAAAAJ&pagesize=100
INFO:scholarly:Session proxy config is {}
INFO:scholarly:Getting https://scholar.google.com/citations?hl=en&view_op=search_authors&mauthors=Hossein%20Haghbin
INFO:scholarly:Session proxy config is {}
INFO:scholarly:Found 2 authors
INFO:scholarly:Getting https://scholar.google.com/citations?hl=en&user=yeRSqxAAAAAJ&pagesize=100
INFO:scholarly:Session proxy config is {}
INFO:scholarly:Getting https://scholar.google.com/citations?hl=en&view_op=search_authors&mauthors=Hossein%20Haghbin
INFO:scholarly:Session proxy config is {}
INFO:scholarly:Found 2 authors
INFO:scholarly:Getting https://scholar.google.com/citations?hl=en&user=yeRSqxAAAAAJ&pagesize=100
INFO:scholarly:Session proxy config is {}
INFO:scholarly:Getting https://scholar.google.com/citations?hl=en&view_op=search_authors&mauthors=Hossein%20Haghbin
INFO:scholarly:Session proxy config is {}
INFO:scholarly:Found 2 authors
INFO:scholarly:Getting https://scholar.google.com/citations?hl=en&user=yeRSqxAAAAAJ&pagesize=100
INFO:scholarly:Session proxy config is {}
INFO:scholarly:Getting https://scholar.google.com/citations?hl=en&view_op=search_authors&mauthors=Hossein%20Haghbin
INFO:scholarly:Session proxy config is {}
INFO:scholarly:Found 2 authors
INFO:scholarly:Getting https://scholar.google.com/citations?hl=en&user=yeRSqxAAAAAJ&pagesize=100
INFO:scholarly:Session proxy config is {}
INFO:scholarly:Getting https://scholar.google.com/citations?hl=en&view_op=search_authors&mauthors=Hossein%20Haghbin
INFO:scholarly:Session proxy config is {}
INFO:scholarly:Found 2 authors
INFO:scholarly:Getting https://scholar.google.com/citations?hl=en&user=yeRSqxAAAAAJ&pagesize=100
INFO:scholarly:Session proxy config is {}
INFO:scholarly:Getting https://scholar.google.com/citations?hl=en&view_op=search_authors&mauthors=Hossein%20Haghbin
INFO:scholarly:Session proxy config is {}
INFO:scholarly:Found 2 authors
INFO:scholarly:Getting https://scholar.google.com/citations?hl=en&user=yeRSqxAAAAAJ&pagesize=100
INFO:scholarly:Session proxy config is {}
INFO:scholarly:Getting https://scholar.google.com/citations?hl=en&view_op=search_authors&mauthors=Hossein%20Haghbin
INFO:scholarly:Session proxy config is {}
INFO:scholarly:Found 2 authors
INFO:scholarly:Getting https://scholar.google.com/citations?hl=en&user=yeRSqxAAAAAJ&pagesize=100
INFO:scholarly:Session proxy config is {}
INFO:scholarly:Getting https://scholar.google.com/citations?hl=en&view_op=search_authors&mauthors=Hossein%20Haghbin
INFO:scholarly:Session proxy config is {}
INFO:scholarly:Found 2 authors
INFO:scholarly:Getting https://scholar.google.com/citations?hl=en&user=yeRSqxAAAAAJ&pagesize=100
INFO:scholarly:Session proxy config is {}
INFO:scholarly:Getting https://scholar.google.com/citations?hl=en&view_op=search_authors&mauthors=Hossein%20Haghbin
INFO:scholarly:Session proxy config is {}
INFO:scholarly:Found 2 authors
INFO:scholarly:Getting https://scholar.google.com/citations?hl=en&user=yeRSqxAAAAAJ&pagesize=100
INFO:scholarly:Session proxy config is {}
INFO:scholarly:Getting https://scholar.google.com/citations?hl=en&view_op=search_authors&mauthors=Hossein%20Haghbin
INFO:scholarly:Session proxy config is {}
INFO:scholarly:Found 2 authors
INFO:scholarly:Getting https://scholar.google.com/citations?hl=en&user=yeRSqxAAAAAJ&pagesize=100
INFO:scholarly:Session proxy config is {}
INFO:scholarly:Getting https://scholar.google.com/citations?hl=en&view_op=search_authors&mauthors=Hossein%20Haghbin
INFO:scholarly:Session proxy config is {}
INFO:scholarly:Found 2 authors
INFO:scholarly:Getting https://scholar.google.com/citations?hl=en&user=yeRSqxAAAAAJ&pagesize=100
INFO:scholarly:Session proxy config is {}
INFO:scholarly:Getting https://scholar.google.com/citations?hl=en&view_op=search_authors&mauthors=Hossein%20Haghbin
INFO:scholarly:Session proxy config is {}
INFO:scholarly:Found 2 authors
INFO:scholarly:Getting https://scholar.google.com/citations?hl=en&user=yeRSqxAAAAAJ&pagesize=100
INFO:scholarly:Session proxy config is {}
INFO:scholarly:Getting https://scholar.google.com/citations?hl=en&view_op=search_authors&mauthors=Hossein%20Haghbin
INFO:scholarly:Session proxy config is {}
INFO:scholarly:Found 2 authors
INFO:scholarly:Getting https://scholar.google.com/citations?hl=en&user=yeRSqxAAAAAJ&pagesize=100
INFO:scholarly:Session proxy config is {}
INFO:scholarly:Getting https://scholar.google.com/citations?hl=en&view_op=search_authors&mauthors=Hossein%20Haghbin
INFO:scholarly:Session proxy config is {}
INFO:scholarly:Found 2 authors
INFO:scholarly:Getting https://scholar.google.com/citations?hl=en&user=yeRSqxAAAAAJ&pagesize=100
INFO:scholarly:Session proxy config is {}
INFO:scholarly:Getting https://scholar.google.com/citations?hl=en&view_op=search_authors&mauthors=Hossein%20Haghbin
INFO:scholarly:Session proxy config is {}
INFO:scholarly:Found 2 authors
INFO:scholarly:Getting https://scholar.google.com/citations?hl=en&user=yeRSqxAAAAAJ&pagesize=100
INFO:scholarly:Session proxy config is {}
INFO:scholarly:Getting https://scholar.google.com/citations?hl=en&view_op=search_authors&mauthors=Hossein%20Haghbin
INFO:scholarly:Session proxy config is {}
INFO:scholarly:Found 2 authors
INFO:scholarly:Getting https://scholar.google.com/citations?hl=en&user=yeRSqxAAAAAJ&pagesize=100
INFO:scholarly:Session proxy config is {}
INFO:scholarly:Getting https://scholar.google.com/citations?hl=en&view_op=search_authors&mauthors=Hossein%20Haghbin
INFO:scholarly:Session proxy config is {}
INFO:scholarly:Found 2 authors
INFO:scholarly:Getting https://scholar.google.com/citations?hl=en&user=yeRSqxAAAAAJ&pagesize=100
INFO:scholarly:Session proxy config is {}
INFO:scholarly:Getting https://scholar.google.com/citations?hl=en&view_op=search_authors&mauthors=Hossein%20Haghbin
INFO:scholarly:Session proxy config is {}
INFO:scholarly:Found 2 authors
INFO:scholarly:Getting https://scholar.google.com/citations?hl=en&user=yeRSqxAAAAAJ&pagesize=100
INFO:scholarly:Session proxy config is {}
INFO:scholarly:Getting https://scholar.google.com/citations?hl=en&view_op=search_authors&mauthors=Hossein%20Haghbin
INFO:scholarly:Session proxy config is {}
INFO:scholarly:Found 2 authors
INFO:scholarly:Getting https://scholar.google.com/citations?hl=en&user=yeRSqxAAAAAJ&pagesize=100
INFO:scholarly:Session proxy config is {}
INFO:scholarly:Getting https://scholar.google.com/citations?hl=en&view_op=search_authors&mauthors=Hossein%20Haghbin
INFO:scholarly:Session proxy config is {}
INFO:scholarly:Found 2 authors
INFO:scholarly:Getting https://scholar.google.com/citations?hl=en&user=yeRSqxAAAAAJ&pagesize=100
INFO:scholarly:Session proxy config is {}
INFO:scholarly:Getting https://scholar.google.com/citations?hl=en&view_op=search_authors&mauthors=Hossein%20Haghbin
INFO:scholarly:Session proxy config is {}
INFO:scholarly:Found 2 authors
INFO:scholarly:Getting https://scholar.google.com/citations?hl=en&user=yeRSqxAAAAAJ&pagesize=100
INFO:scholarly:Session proxy config is {}
INFO:scholarly:Getting https://scholar.google.com/citations?hl=en&view_op=search_authors&mauthors=Hossein%20Haghbin
INFO:scholarly:Session proxy config is {}
INFO:scholarly:Found 2 authors
INFO:scholarly:Getting https://scholar.google.com/citations?hl=en&user=yeRSqxAAAAAJ&pagesize=100
INFO:scholarly:Session proxy config is {}
INFO:scholarly:Getting https://scholar.google.com/citations?hl=en&view_op=search_authors&mauthors=Hossein%20Haghbin
INFO:scholarly:Session proxy config is {}
INFO:scholarly:Found 2 authors
INFO:scholarly:Getting https://scholar.google.com/citations?hl=en&user=yeRSqxAAAAAJ&pagesize=100
INFO:scholarly:Session proxy config is {}
INFO:scholarly:Getting https://scholar.google.com/citations?hl=en&view_op=search_authors&mauthors=Hossein%20Haghbin
INFO:scholarly:Session proxy config is {}
INFO:scholarly:Found 2 authors
INFO:scholarly:Getting https://scholar.google.com/citations?hl=en&user=yeRSqxAAAAAJ&pagesize=100
INFO:scholarly:Session proxy config is {}
INFO:scholarly:Getting https://scholar.google.com/citations?hl=en&view_op=search_authors&mauthors=Hossein%20Haghbin
INFO:scholarly:Session proxy config is {}
INFO:scholarly:Found 2 authors
INFO:scholarly:Getting https://scholar.google.com/citations?hl=en&user=yeRSqxAAAAAJ&pagesize=100
INFO:scholarly:Session proxy config is {}
INFO:scholarly:Getting https://scholar.google.com/citations?hl=en&view_op=search_authors&mauthors=Hossein%20Haghbin
INFO:scholarly:Session proxy config is {}
INFO:scholarly:Found 2 authors
INFO:scholarly:Getting https://scholar.google.com/citations?hl=en&user=yeRSqxAAAAAJ&pagesize=100
INFO:scholarly:Session proxy config is {}
INFO:scholarly:Getting https://scholar.google.com/citations?hl=en&view_op=search_authors&mauthors=Hossein%20Haghbin
INFO:scholarly:Session proxy config is {}
INFO:scholarly:Found 2 authors
INFO:scholarly:Getting https://scholar.google.com/citations?hl=en&user=yeRSqxAAAAAJ&pagesize=100
INFO:scholarly:Session proxy config is {}
INFO:scholarly:Getting https://scholar.google.com/citations?hl=en&view_op=search_authors&mauthors=Hossein%20Haghbin
INFO:scholarly:Session proxy config is {}
INFO:scholarly:Found 2 authors
INFO:scholarly:Getting https://scholar.google.com/citations?hl=en&user=yeRSqxAAAAAJ&pagesize=100
INFO:scholarly:Session proxy config is {}
INFO:scholarly:Getting https://scholar.google.com/citations?hl=en&view_op=search_authors&mauthors=Hossein%20Haghbin
INFO:scholarly:Session proxy config is {}
INFO:scholarly:Found 2 authors
INFO:scholarly:Getting https://scholar.google.com/citations?hl=en&user=yeRSqxAAAAAJ&pagesize=100
INFO:scholarly:Session proxy config is {}
INFO:scholarly:Getting https://scholar.google.com/citations?hl=en&view_op=search_authors&mauthors=Hossein%20Haghbin
INFO:scholarly:Session proxy config is {}
INFO:scholarly:Found 2 authors
INFO:scholarly:Getting https://scholar.google.com/citations?hl=en&user=yeRSqxAAAAAJ&pagesize=100
INFO:scholarly:Session proxy config is {}
INFO:scholarly:Getting https://scholar.google.com/citations?hl=en&view_op=search_authors&mauthors=Hossein%20Haghbin
INFO:scholarly:Session proxy config is {}
INFO:scholarly:Found 2 authors
INFO:scholarly:Getting https://scholar.google.com/citations?hl=en&user=yeRSqxAAAAAJ&pagesize=100
INFO:scholarly:Session proxy config is {}
INFO:scholarly:Getting https://scholar.google.com/citations?hl=en&view_op=search_authors&mauthors=Hossein%20Haghbin
INFO:scholarly:Session proxy config is {}
INFO:scholarly:Found 2 authors
INFO:scholarly:Getting https://scholar.google.com/citations?hl=en&user=yeRSqxAAAAAJ&pagesize=100
INFO:scholarly:Session proxy config is {}
INFO:scholarly:Getting https://scholar.google.com/citations?hl=en&view_op=search_authors&mauthors=Hossein%20Haghbin
INFO:scholarly:Session proxy config is {}
INFO:scholarly:Found 2 authors
INFO:scholarly:Getting https://scholar.google.com/citations?hl=en&user=yeRSqxAAAAAJ&pagesize=100
INFO:scholarly:Session proxy config is {}
INFO:scholarly:Getting https://scholar.google.com/citations?hl=en&view_op=search_authors&mauthors=Hossein%20Haghbin
INFO:scholarly:Session proxy config is {}
INFO:scholarly:Found 2 authors
INFO:scholarly:Getting https://scholar.google.com/citations?hl=en&user=yeRSqxAAAAAJ&pagesize=100
INFO:scholarly:Session proxy config is {}
INFO:scholarly:Getting https://scholar.google.com/citations?hl=en&view_op=search_authors&mauthors=Hossein%20Haghbin
INFO:scholarly:Session proxy config is {}
INFO:scholarly:Found 2 authors
INFO:scholarly:Getting https://scholar.google.com/citations?hl=en&user=yeRSqxAAAAAJ&pagesize=100
INFO:scholarly:Session proxy config is {}
INFO:scholarly:Getting https://scholar.google.com/citations?hl=en&view_op=search_authors&mauthors=Hossein%20Haghbin
INFO:scholarly:Session proxy config is {}
INFO:scholarly:Found 2 authors
INFO:scholarly:Getting https://scholar.google.com/citations?hl=en&user=yeRSqxAAAAAJ&pagesize=100
INFO:scholarly:Session proxy config is {}
INFO:scholarly:Getting https://scholar.google.com/citations?hl=en&view_op=search_authors&mauthors=Hossein%20Haghbin
INFO:scholarly:Session proxy config is {}
INFO:scholarly:Found 2 authors
INFO:scholarly:Getting https://scholar.google.com/citations?hl=en&user=yeRSqxAAAAAJ&pagesize=100
INFO:scholarly:Session proxy config is {}
INFO:scholarly:Getting https://scholar.google.com/citations?hl=en&view_op=search_authors&mauthors=Hossein%20Haghbin
INFO:scholarly:Session proxy config is {}
INFO:scholarly:Found 2 authors
INFO:scholarly:Getting https://scholar.google.com/citations?hl=en&user=yeRSqxAAAAAJ&pagesize=100
INFO:scholarly:Session proxy config is {}
INFO:scholarly:Getting https://scholar.google.com/citations?hl=en&view_op=search_authors&mauthors=Hossein%20Haghbin
INFO:scholarly:Session proxy config is {}
INFO:scholarly:Found 2 authors
INFO:scholarly:Getting https://scholar.google.com/citations?hl=en&user=yeRSqxAAAAAJ&pagesize=100
INFO:scholarly:Session proxy config is {}
INFO:scholarly:Getting https://scholar.google.com/citations?hl=en&view_op=search_authors&mauthors=Hossein%20Haghbin
INFO:scholarly:Session proxy config is {}
INFO:scholarly:Found 2 authors
INFO:scholarly:Getting https://scholar.google.com/citations?hl=en&user=yeRSqxAAAAAJ&pagesize=100
INFO:scholarly:Session proxy config is {}
INFO:scholarly:Getting https://scholar.google.com/citations?hl=en&view_op=search_authors&mauthors=Hossein%20Haghbin
INFO:scholarly:Session proxy config is {}
INFO:scholarly:Found 2 authors
INFO:scholarly:Getting https://scholar.google.com/citations?hl=en&user=yeRSqxAAAAAJ&pagesize=100
INFO:scholarly:Session proxy config is {}
INFO:scholarly:Getting https://scholar.google.com/citations?hl=en&view_op=search_authors&mauthors=Hossein%20Haghbin
INFO:scholarly:Session proxy config is {}
INFO:scholarly:Found 2 authors
INFO:scholarly:Getting https://scholar.google.com/citations?hl=en&user=yeRSqxAAAAAJ&pagesize=100
INFO:scholarly:Session proxy config is {}
INFO:scholarly:Getting https://scholar.google.com/citations?hl=en&view_op=search_authors&mauthors=Hossein%20Haghbin
INFO:scholarly:Session proxy config is {}
INFO:scholarly:Found 2 authors
INFO:scholarly:Getting https://scholar.google.com/citations?hl=en&user=yeRSqxAAAAAJ&pagesize=100
INFO:scholarly:Session proxy config is {}
INFO:scholarly:Getting https://scholar.google.com/citations?hl=en&view_op=search_authors&mauthors=Hossein%20Haghbin
INFO:scholarly:Session proxy config is {}
INFO:scholarly:Found 2 authors
INFO:scholarly:Getting https://scholar.google.com/citations?hl=en&user=yeRSqxAAAAAJ&pagesize=100
INFO:scholarly:Session proxy config is {}
INFO:scholarly:Getting https://scholar.google.com/citations?hl=en&view_op=search_authors&mauthors=Hossein%20Haghbin
INFO:scholarly:Session proxy config is {}
INFO:scholarly:Found 2 authors
INFO:scholarly:Getting https://scholar.google.com/citations?hl=en&user=yeRSqxAAAAAJ&pagesize=100
INFO:scholarly:Session proxy config is {}
INFO:scholarly:Getting https://scholar.google.com/citations?hl=en&view_op=search_authors&mauthors=Hossein%20Haghbin
INFO:scholarly:Session proxy config is {}
INFO:scholarly:Found 2 authors
INFO:scholarly:Getting https://scholar.google.com/citations?hl=en&user=yeRSqxAAAAAJ&pagesize=100
INFO:scholarly:Session proxy config is {}
INFO:scholarly:Getting https://scholar.google.com/citations?hl=en&view_op=search_authors&mauthors=Hossein%20Haghbin
INFO:scholarly:Session proxy config is {}
INFO:scholarly:Found 2 authors
INFO:scholarly:Getting https://scholar.google.com/citations?hl=en&user=yeRSqxAAAAAJ&pagesize=100
INFO:scholarly:Session proxy config is {}
INFO:scholarly:Getting https://scholar.google.com/citations?hl=en&view_op=search_authors&mauthors=Hossein%20Haghbin
INFO:scholarly:Session proxy config is {}
INFO:scholarly:Found 2 authors
INFO:scholarly:Getting https://scholar.google.com/citations?hl=en&user=yeRSqxAAAAAJ&pagesize=100
INFO:scholarly:Session proxy config is {}
INFO:scholarly:Getting https://scholar.google.com/citations?hl=en&view_op=search_authors&mauthors=Hossein%20Haghbin
INFO:scholarly:Session proxy config is {}
INFO:scholarly:Found 2 authors
INFO:scholarly:Getting https://scholar.google.com/citations?hl=en&user=yeRSqxAAAAAJ&pagesize=100
INFO:scholarly:Session proxy config is {}
INFO:scholarly:Getting https://scholar.google.com/citations?hl=en&view_op=search_authors&mauthors=Hossein%20Haghbin
INFO:scholarly:Session proxy config is {}
INFO:scholarly:Found 2 authors
INFO:scholarly:Getting https://scholar.google.com/citations?hl=en&user=yeRSqxAAAAAJ&pagesize=100
INFO:scholarly:Session proxy config is {}
INFO:scholarly:Getting https://scholar.google.com/citations?hl=en&view_op=search_authors&mauthors=Hossein%20Haghbin
INFO:scholarly:Session proxy config is {}
INFO:scholarly:Found 2 authors
INFO:scholarly:Getting https://scholar.google.com/citations?hl=en&user=yeRSqxAAAAAJ&pagesize=100
INFO:scholarly:Session proxy config is {}
INFO:scholarly:Getting https://scholar.google.com/citations?hl=en&view_op=search_authors&mauthors=Hossein%20Haghbin
INFO:scholarly:Session proxy config is {}
INFO:scholarly:Found 2 authors
INFO:scholarly:Getting https://scholar.google.com/citations?hl=en&user=yeRSqxAAAAAJ&pagesize=100
INFO:scholarly:Session proxy config is {}
INFO:scholarly:Getting https://scholar.google.com/citations?hl=en&view_op=search_authors&mauthors=Hossein%20Haghbin
INFO:scholarly:Session proxy config is {}
INFO:scholarly:Found 2 authors
INFO:scholarly:Getting https://scholar.google.com/citations?hl=en&user=yeRSqxAAAAAJ&pagesize=100
INFO:scholarly:Session proxy config is {}
INFO:scholarly:Getting https://scholar.google.com/citations?hl=en&view_op=search_authors&mauthors=Hossein%20Haghbin
INFO:scholarly:Session proxy config is {}
INFO:scholarly:Found 2 authors
INFO:scholarly:Getting https://scholar.google.com/citations?hl=en&user=yeRSqxAAAAAJ&pagesize=100
INFO:scholarly:Session proxy config is {}
INFO:scholarly:Getting https://scholar.google.com/citations?hl=en&view_op=search_authors&mauthors=Hossein%20Haghbin
INFO:scholarly:Session proxy config is {}
INFO:scholarly:Found 2 authors
INFO:scholarly:Getting https://scholar.google.com/citations?hl=en&user=yeRSqxAAAAAJ&pagesize=100
INFO:scholarly:Session proxy config is {}
INFO:scholarly:Getting https://scholar.google.com/citations?hl=en&view_op=search_authors&mauthors=Hossein%20Haghbin
INFO:scholarly:Session proxy config is {}
INFO:scholarly:Found 2 authors
INFO:scholarly:Getting https://scholar.google.com/citations?hl=en&user=yeRSqxAAAAAJ&pagesize=100
INFO:scholarly:Session proxy config is {}
INFO:scholarly:Getting https://scholar.google.com/citations?hl=en&view_op=search_authors&mauthors=Hossein%20Haghbin
INFO:scholarly:Session proxy config is {}
INFO:scholarly:Found 2 authors
INFO:scholarly:Getting https://scholar.google.com/citations?hl=en&user=yeRSqxAAAAAJ&pagesize=100
INFO:scholarly:Session proxy config is {}
INFO:scholarly:Getting https://scholar.google.com/citations?hl=en&view_op=search_authors&mauthors=Hossein%20Haghbin
INFO:scholarly:Session proxy config is {}
INFO:scholarly:Found 2 authors
INFO:scholarly:Getting https://scholar.google.com/citations?hl=en&user=yeRSqxAAAAAJ&pagesize=100
INFO:scholarly:Session proxy config is {}
INFO:scholarly:Getting https://scholar.google.com/citations?hl=en&view_op=search_authors&mauthors=Hossein%20Haghbin
INFO:scholarly:Session proxy config is {}
INFO:scholarly:Found 2 authors
INFO:scholarly:Getting https://scholar.google.com/citations?hl=en&user=yeRSqxAAAAAJ&pagesize=100
INFO:scholarly:Session proxy config is {}
INFO:scholarly:Getting https://scholar.google.com/citations?hl=en&view_op=search_authors&mauthors=Hossein%20Haghbin
INFO:scholarly:Session proxy config is {}
INFO:scholarly:Found 2 authors
INFO:scholarly:Getting https://scholar.google.com/citations?hl=en&user=yeRSqxAAAAAJ&pagesize=100
INFO:scholarly:Session proxy config is {}
INFO:scholarly:Getting https://scholar.google.com/citations?hl=en&view_op=search_authors&mauthors=Hossein%20Haghbin
INFO:scholarly:Session proxy config is {}
INFO:scholarly:Found 2 authors
INFO:scholarly:Getting https://scholar.google.com/citations?hl=en&user=yeRSqxAAAAAJ&pagesize=100
INFO:scholarly:Session proxy config is {}
INFO:scholarly:Getting https://scholar.google.com/citations?hl=en&view_op=search_authors&mauthors=Hossein%20Haghbin
INFO:scholarly:Session proxy config is {}
INFO:scholarly:Found 2 authors
INFO:scholarly:Getting https://scholar.google.com/citations?hl=en&user=yeRSqxAAAAAJ&pagesize=100
INFO:scholarly:Session proxy config is {}
INFO:scholarly:Getting https://scholar.google.com/citations?hl=en&view_op=search_authors&mauthors=Hossein%20Haghbin
INFO:scholarly:Session proxy config is {}
INFO:scholarly:Found 2 authors
INFO:scholarly:Getting https://scholar.google.com/citations?hl=en&user=yeRSqxAAAAAJ&pagesize=100
INFO:scholarly:Session proxy config is {}
INFO:scholarly:Getting https://scholar.google.com/citations?hl=en&view_op=search_authors&mauthors=Hossein%20Haghbin
INFO:scholarly:Session proxy config is {}
INFO:scholarly:Found 2 authors
INFO:scholarly:Getting https://scholar.google.com/citations?hl=en&user=yeRSqxAAAAAJ&pagesize=100
INFO:scholarly:Session proxy config is {}
INFO:scholarly:Getting https://scholar.google.com/citations?hl=en&view_op=search_authors&mauthors=Hossein%20Haghbin
INFO:scholarly:Session proxy config is {}
INFO:scholarly:Found 2 authors
INFO:scholarly:Getting https://scholar.google.com/citations?hl=en&user=yeRSqxAAAAAJ&pagesize=100
INFO:scholarly:Session proxy config is {}
INFO:scholarly:Getting https://scholar.google.com/citations?hl=en&view_op=search_authors&mauthors=Hossein%20Haghbin
INFO:scholarly:Session proxy config is {}
INFO:scholarly:Found 2 authors
INFO:scholarly:Getting https://scholar.google.com/citations?hl=en&view_op=search_authors&mauthors=Hossein%20Haghbin
INFO:scholarly:Session proxy config is {}
INFO:scholarly:Found 2 authors
INFO:scholarly:Getting https://scholar.google.com/citations?hl=en&view_op=search_authors&mauthors=Hossein%20Haghbin
INFO:scholarly:Session proxy config is {}
INFO:scholarly:Found 2 authors
INFO:scholarly:Getting https://scholar.google.com/citations?hl=en&user=yeRSqxAAAAAJ&pagesize=100
INFO:scholarly:Session proxy config is {}
INFO:scholarly:Getting https://scholar.google.com/citations?hl=en&view_op=search_authors&mauthors=Hossein%20Haghbin
INFO:scholarly:Session proxy config is {}
INFO:scholarly:Found 2 authors
INFO:scholarly:Getting https://scholar.google.com/citations?hl=en&user=yeRSqxAAAAAJ&pagesize=100
INFO:scholarly:Session proxy config is {}
INFO:scholarly:Getting https://scholar.google.com/citations?hl=en&view_op=search_authors&mauthors=Hossein%20Haghbin
INFO:scholarly:Session proxy config is {}
INFO:scholarly:Found 2 authors
INFO:scholarly:Getting https://scholar.google.com/citations?hl=en&user=yeRSqxAAAAAJ&pagesize=100
INFO:scholarly:Session proxy config is {}
INFO:scholarly:Getting https://scholar.google.com/citations?hl=en&view_op=search_authors&mauthors=Hossein%20Haghbin
INFO:scholarly:Session proxy config is {}
INFO:scholarly:Found 2 authors
INFO:scholarly:Getting https://scholar.google.com/citations?hl=en&user=yeRSqxAAAAAJ&pagesize=100
INFO:scholarly:Session proxy config is {}
INFO:scholarly:Getting https://scholar.google.com/citations?hl=en&view_op=search_authors&mauthors=Hossein%20Haghbin
INFO:scholarly:Session proxy config is {}
INFO:scholarly:Found 2 authors
INFO:scholarly:Getting https://scholar.google.com/citations?hl=en&user=yeRSqxAAAAAJ&pagesize=100
INFO:scholarly:Session proxy config is {}
INFO:scholarly:Getting https://scholar.google.com/citations?hl=en&view_op=search_authors&mauthors=Hossein%20Haghbin
INFO:scholarly:Session proxy config is {}
INFO:scholarly:Found 2 authors
INFO:scholarly:Getting https://scholar.google.com/citations?hl=en&user=yeRSqxAAAAAJ&pagesize=100
INFO:scholarly:Session proxy config is {}
INFO:scholarly:Getting https://scholar.google.com/citations?hl=en&view_op=search_authors&mauthors=Hossein%20Haghbin
INFO:scholarly:Session proxy config is {}
INFO:scholarly:Found 2 authors
INFO:scholarly:Getting https://scholar.google.com/citations?hl=en&user=yeRSqxAAAAAJ&pagesize=100
INFO:scholarly:Session proxy config is {}
INFO:scholarly:Getting https://scholar.google.com/citations?hl=en&view_op=search_authors&mauthors=Hossein%20Haghbin
INFO:scholarly:Session proxy config is {}
INFO:scholarly:Found 2 authors
INFO:scholarly:Getting https://scholar.google.com/citations?hl=en&user=yeRSqxAAAAAJ&pagesize=100
INFO:scholarly:Session proxy config is {}
INFO:scholarly:Getting https://scholar.google.com/citations?hl=en&view_op=search_authors&mauthors=Hossein%20Haghbin
INFO:scholarly:Session proxy config is {}
INFO:scholarly:Found 2 authors
INFO:scholarly:Getting https://scholar.google.com/citations?hl=en&user=yeRSqxAAAAAJ&pagesize=100
INFO:scholarly:Session proxy config is {}
INFO:scholarly:Getting https://scholar.google.com/citations?hl=en&view_op=search_authors&mauthors=Hossein%20Haghbin
INFO:scholarly:Session proxy config is {}
INFO:scholarly:Found 2 authors
INFO:scholarly:Getting https://scholar.google.com/citations?hl=en&user=yeRSqxAAAAAJ&pagesize=100
INFO:scholarly:Session proxy config is {}
INFO:scholarly:Getting https://scholar.google.com/citations?hl=en&view_op=search_authors&mauthors=Hossein%20Haghbin
INFO:scholarly:Session proxy config is {}
INFO:scholarly:Found 2 authors
INFO:scholarly:Getting https://scholar.google.com/citations?hl=en&user=yeRSqxAAAAAJ&pagesize=100
INFO:scholarly:Session proxy config is {}
INFO:scholarly:Getting https://scholar.google.com/citations?hl=en&view_op=search_authors&mauthors=Hossein%20Haghbin
INFO:scholarly:Session proxy config is {}
INFO:scholarly:Found 2 authors
INFO:scholarly:Getting https://scholar.google.com/citations?hl=en&user=yeRSqxAAAAAJ&pagesize=100
INFO:scholarly:Session proxy config is {}
INFO:scholarly:Getting https://scholar.google.com/citations?hl=en&view_op=search_authors&mauthors=Hossein%20Haghbin
INFO:scholarly:Session proxy config is {}
INFO:scholarly:Found 2 authors
INFO:scholarly:Getting https://scholar.google.com/citations?hl=en&user=yeRSqxAAAAAJ&pagesize=100
INFO:scholarly:Session proxy config is {}
INFO:scholarly:Getting https://scholar.google.com/citations?hl=en&view_op=search_authors&mauthors=Hossein%20Haghbin
INFO:scholarly:Session proxy config is {}
INFO:scholarly:Found 2 authors
INFO:scholarly:Getting https://scholar.google.com/citations?hl=en&user=yeRSqxAAAAAJ&pagesize=100
INFO:scholarly:Session proxy config is {}
INFO:scholarly:Getting https://scholar.google.com/citations?hl=en&view_op=search_authors&mauthors=Hossein%20Haghbin
INFO:scholarly:Session proxy config is {}
INFO:scholarly:Found 2 authors
INFO:scholarly:Getting https://scholar.google.com/citations?hl=en&user=yeRSqxAAAAAJ&pagesize=100
INFO:scholarly:Session proxy config is {}
INFO:scholarly:Getting https://scholar.google.com/citations?hl=en&view_op=search_authors&mauthors=Hossein%20Haghbin
INFO:scholarly:Session proxy config is {}
INFO:scholarly:Found 2 authors
INFO:scholarly:Getting https://scholar.google.com/citations?hl=en&user=yeRSqxAAAAAJ&pagesize=100
INFO:scholarly:Session proxy config is {}
INFO:scholarly:Getting https://scholar.google.com/citations?hl=en&view_op=search_authors&mauthors=Hossein%20Haghbin
INFO:scholarly:Session proxy config is {}
INFO:scholarly:Found 2 authors
INFO:scholarly:Getting https://scholar.google.com/citations?hl=en&user=yeRSqxAAAAAJ&pagesize=100
INFO:scholarly:Session proxy config is {}
INFO:scholarly:Getting https://scholar.google.com/citations?hl=en&view_op=search_authors&mauthors=Hossein%20Haghbin
INFO:scholarly:Session proxy config is {}
INFO:scholarly:Found 2 authors
INFO:scholarly:Getting https://scholar.google.com/citations?hl=en&user=yeRSqxAAAAAJ&pagesize=100
INFO:scholarly:Session proxy config is {}
INFO:scholarly:Getting https://scholar.google.com/citations?hl=en&view_op=search_authors&mauthors=Hossein%20Haghbin
INFO:scholarly:Session proxy config is {}
INFO:scholarly:Found 2 authors
INFO:scholarly:Getting https://scholar.google.com/citations?hl=en&user=yeRSqxAAAAAJ&pagesize=100
INFO:scholarly:Session proxy config is {}
INFO:scholarly:Getting https://scholar.google.com/citations?hl=en&view_op=search_authors&mauthors=Hossein%20Haghbin
INFO:scholarly:Session proxy config is {}
INFO:scholarly:Found 2 authors
INFO:scholarly:Getting https://scholar.google.com/citations?hl=en&user=yeRSqxAAAAAJ&pagesize=100
INFO:scholarly:Session proxy config is {}
INFO:scholarly:Getting https://scholar.google.com/citations?hl=en&view_op=search_authors&mauthors=Hossein%20Haghbin
INFO:scholarly:Session proxy config is {}
INFO:scholarly:Found 2 authors
INFO:scholarly:Getting https://scholar.google.com/citations?hl=en&user=yeRSqxAAAAAJ&pagesize=100
INFO:scholarly:Session proxy config is {}
INFO:scholarly:Getting https://scholar.google.com/citations?hl=en&view_op=search_authors&mauthors=Hossein%20Haghbin
INFO:scholarly:Session proxy config is {}
INFO:scholarly:Found 2 authors
INFO:scholarly:Getting https://scholar.google.com/citations?hl=en&user=yeRSqxAAAAAJ&pagesize=100
INFO:scholarly:Session proxy config is {}
INFO:scholarly:Getting https://scholar.google.com/citations?hl=en&view_op=search_authors&mauthors=Hossein%20Haghbin
INFO:scholarly:Session proxy config is {}
INFO:scholarly:Found 2 authors
INFO:scholarly:Getting https://scholar.google.com/citations?hl=en&user=yeRSqxAAAAAJ&pagesize=100
INFO:scholarly:Session proxy config is {}
INFO:scholarly:Getting https://scholar.google.com/citations?hl=en&view_op=search_authors&mauthors=Hossein%20Haghbin
INFO:scholarly:Session proxy config is {}
INFO:scholarly:Found 2 authors
INFO:scholarly:Getting https://scholar.google.com/citations?hl=en&user=yeRSqxAAAAAJ&pagesize=100
INFO:scholarly:Session proxy config is {}
INFO:scholarly:Getting https://scholar.google.com/citations?hl=en&view_op=search_authors&mauthors=Hossein%20Haghbin
INFO:scholarly:Session proxy config is {}
INFO:scholarly:Found 2 authors
INFO:scholarly:Getting https://scholar.google.com/citations?hl=en&user=yeRSqxAAAAAJ&pagesize=100
INFO:scholarly:Session proxy config is {}
INFO:scholarly:Getting https://scholar.google.com/citations?hl=en&view_op=search_authors&mauthors=Hossein%20Haghbin
INFO:scholarly:Session proxy config is {}
INFO:scholarly:Found 2 authors
INFO:scholarly:Getting https://scholar.google.com/citations?hl=en&user=yeRSqxAAAAAJ&pagesize=100
INFO:scholarly:Session proxy config is {}
INFO:scholarly:Getting https://scholar.google.com/citations?hl=en&view_op=search_authors&mauthors=Hossein%20Haghbin
INFO:scholarly:Session proxy config is {}
INFO:scholarly:Found 2 authors
INFO:scholarly:Getting https://scholar.google.com/citations?hl=en&user=yeRSqxAAAAAJ&pagesize=100
INFO:scholarly:Session proxy config is {}
INFO:scholarly:Getting https://scholar.google.com/citations?hl=en&view_op=search_authors&mauthors=Hossein%20Haghbin
INFO:scholarly:Session proxy config is {}
INFO:scholarly:Found 2 authors
INFO:scholarly:Getting https://scholar.google.com/citations?hl=en&user=yeRSqxAAAAAJ&pagesize=100
INFO:scholarly:Session proxy config is {}
INFO:scholarly:Getting https://scholar.google.com/citations?hl=en&view_op=search_authors&mauthors=Hossein%20Haghbin
INFO:scholarly:Session proxy config is {}
INFO:scholarly:Found 2 authors
INFO:scholarly:Getting https://scholar.google.com/citations?hl=en&user=yeRSqxAAAAAJ&pagesize=100
INFO:scholarly:Session proxy config is {}
INFO:scholarly:Getting https://scholar.google.com/citations?hl=en&view_op=search_authors&mauthors=Hossein%20Haghbin
INFO:scholarly:Session proxy config is {}
INFO:scholarly:Found 2 authors
INFO:scholarly:Getting https://scholar.google.com/citations?hl=en&user=yeRSqxAAAAAJ&pagesize=100
INFO:scholarly:Session proxy config is {}
INFO:scholarly:Getting https://scholar.google.com/citations?hl=en&view_op=search_authors&mauthors=Hossein%20Haghbin
INFO:scholarly:Session proxy config is {}
INFO:scholarly:Found 2 authors
INFO:scholarly:Getting https://scholar.google.com/citations?hl=en&user=yeRSqxAAAAAJ&pagesize=100
INFO:scholarly:Session proxy config is {}
INFO:scholarly:Getting https://scholar.google.com/citations?hl=en&view_op=search_authors&mauthors=Hossein%20Haghbin
INFO:scholarly:Session proxy config is {}
INFO:scholarly:Found 2 authors
INFO:scholarly:Getting https://scholar.google.com/citations?hl=en&user=yeRSqxAAAAAJ&pagesize=100
INFO:scholarly:Session proxy config is {}
INFO:scholarly:Getting https://scholar.google.com/citations?hl=en&view_op=search_authors&mauthors=Hossein%20Haghbin
INFO:scholarly:Session proxy config is {}
INFO:scholarly:Found 2 authors
INFO:scholarly:Getting https://scholar.google.com/citations?hl=en&user=yeRSqxAAAAAJ&pagesize=100
INFO:scholarly:Session proxy config is {}
INFO:scholarly:Getting https://scholar.google.com/citations?hl=en&view_op=search_authors&mauthors=Hossein%20Haghbin
INFO:scholarly:Session proxy config is {}
INFO:scholarly:Found 2 authors
INFO:scholarly:Getting https://scholar.google.com/citations?hl=en&user=yeRSqxAAAAAJ&pagesize=100
INFO:scholarly:Session proxy config is {}
INFO:scholarly:Getting https://scholar.google.com/citations?hl=en&view_op=search_authors&mauthors=Hossein%20Haghbin
INFO:scholarly:Session proxy config is {}
INFO:scholarly:Found 2 authors
INFO:scholarly:Getting https://scholar.google.com/citations?hl=en&user=yeRSqxAAAAAJ&pagesize=100
INFO:scholarly:Session proxy config is {}
INFO:scholarly:Getting https://scholar.google.com/citations?hl=en&view_op=search_authors&mauthors=Hossein%20Haghbin
INFO:scholarly:Session proxy config is {}
INFO:scholarly:Found 2 authors
INFO:scholarly:Getting https://scholar.google.com/citations?hl=en&user=yeRSqxAAAAAJ&pagesize=100
INFO:scholarly:Session proxy config is {}
INFO:scholarly:Getting https://scholar.google.com/citations?hl=en&view_op=search_authors&mauthors=Hossein%20Haghbin
INFO:scholarly:Session proxy config is {}
INFO:scholarly:Found 2 authors
INFO:scholarly:Getting https://scholar.google.com/citations?hl=en&user=yeRSqxAAAAAJ&pagesize=100
INFO:scholarly:Session proxy config is {}
INFO:scholarly:Getting https://scholar.google.com/citations?hl=en&view_op=search_authors&mauthors=Hossein%20Haghbin
INFO:scholarly:Session proxy config is {}
INFO:scholarly:Found 2 authors
INFO:scholarly:Getting https://scholar.google.com/citations?hl=en&user=yeRSqxAAAAAJ&pagesize=100
INFO:scholarly:Session proxy config is {}
INFO:scholarly:Getting https://scholar.google.com/citations?hl=en&view_op=search_authors&mauthors=Hossein%20Haghbin
INFO:scholarly:Session proxy config is {}
INFO:scholarly:Found 2 authors
INFO:scholarly:Getting https://scholar.google.com/citations?hl=en&user=yeRSqxAAAAAJ&pagesize=100
INFO:scholarly:Session proxy config is {}
INFO:scholarly:Getting https://scholar.google.com/citations?hl=en&view_op=search_authors&mauthors=Hossein%20Haghbin
INFO:scholarly:Session proxy config is {}
INFO:scholarly:Found 2 authors
INFO:scholarly:Getting https://scholar.google.com/citations?hl=en&user=yeRSqxAAAAAJ&pagesize=100
INFO:scholarly:Session proxy config is {}
INFO:scholarly:Getting https://scholar.google.com/citations?hl=en&view_op=search_authors&mauthors=Hossein%20Haghbin
INFO:scholarly:Session proxy config is {}
INFO:scholarly:Found 2 authors
INFO:scholarly:Getting https://scholar.google.com/citations?hl=en&user=yeRSqxAAAAAJ&pagesize=100
INFO:scholarly:Session proxy config is {}
INFO:scholarly:Getting https://scholar.google.com/citations?hl=en&view_op=search_authors&mauthors=Hossein%20Haghbin
INFO:scholarly:Session proxy config is {}
INFO:scholarly:Found 2 authors
INFO:scholarly:Getting https://scholar.google.com/citations?hl=en&user=yeRSqxAAAAAJ&pagesize=100
INFO:scholarly:Session proxy config is {}
INFO:scholarly:Getting https://scholar.google.com/citations?hl=en&view_op=search_authors&mauthors=Hossein%20Haghbin
INFO:scholarly:Session proxy config is {}
INFO:scholarly:Found 2 authors
INFO:scholarly:Getting https://scholar.google.com/citations?hl=en&user=yeRSqxAAAAAJ&pagesize=100
INFO:scholarly:Session proxy config is {}
INFO:scholarly:Getting https://scholar.google.com/citations?hl=en&view_op=search_authors&mauthors=Hossein%20Haghbin
INFO:scholarly:Session proxy config is {}
INFO:scholarly:Found 2 authors
INFO:scholarly:Getting https://scholar.google.com/citations?hl=en&user=yeRSqxAAAAAJ&pagesize=100
INFO:scholarly:Session proxy config is {}
INFO:scholarly:Getting https://scholar.google.com/citations?hl=en&view_op=search_authors&mauthors=Hossein%20Haghbin
INFO:scholarly:Session proxy config is {}
INFO:scholarly:Found 2 authors
INFO:scholarly:Getting https://scholar.google.com/citations?hl=en&user=yeRSqxAAAAAJ&pagesize=100
INFO:scholarly:Session proxy config is {}
INFO:scholarly:Getting https://scholar.google.com/citations?hl=en&view_op=search_authors&mauthors=Hossein%20Haghbin
INFO:scholarly:Session proxy config is {}
INFO:scholarly:Found 2 authors
INFO:scholarly:Getting https://scholar.google.com/citations?hl=en&user=yeRSqxAAAAAJ&pagesize=100
INFO:scholarly:Session proxy config is {}
INFO:scholarly:Getting https://scholar.google.com/citations?hl=en&view_op=search_authors&mauthors=Hossein%20Haghbin
INFO:scholarly:Session proxy config is {}
INFO:scholarly:Found 2 authors
INFO:scholarly:Getting https://scholar.google.com/citations?hl=en&user=yeRSqxAAAAAJ&pagesize=100
INFO:scholarly:Session proxy config is {}
INFO:scholarly:Getting https://scholar.google.com/citations?hl=en&view_op=search_authors&mauthors=Hossein%20Haghbin
INFO:scholarly:Session proxy config is {}
INFO:scholarly:Found 2 authors
INFO:scholarly:Getting https://scholar.google.com/citations?hl=en&user=yeRSqxAAAAAJ&pagesize=100
INFO:scholarly:Session proxy config is {}
INFO:scholarly:Getting https://scholar.google.com/citations?hl=en&view_op=search_authors&mauthors=Hossein%20Haghbin
INFO:scholarly:Session proxy config is {}
INFO:scholarly:Found 2 authors
INFO:scholarly:Getting https://scholar.google.com/citations?hl=en&user=yeRSqxAAAAAJ&pagesize=100
INFO:scholarly:Session proxy config is {}
INFO:scholarly:Getting https://scholar.google.com/citations?hl=en&view_op=search_authors&mauthors=Hossein%20Haghbin
INFO:scholarly:Session proxy config is {}
INFO:scholarly:Found 2 authors
INFO:scholarly:Getting https://scholar.google.com/citations?hl=en&user=yeRSqxAAAAAJ&pagesize=100
INFO:scholarly:Session proxy config is {}
INFO:scholarly:Getting https://scholar.google.com/citations?hl=en&view_op=search_authors&mauthors=Hossein%20Haghbin
INFO:scholarly:Session proxy config is {}
INFO:scholarly:Found 2 authors
INFO:scholarly:Getting https://scholar.google.com/citations?hl=en&user=yeRSqxAAAAAJ&pagesize=100
INFO:scholarly:Session proxy config is {}
INFO:scholarly:Getting https://scholar.google.com/citations?hl=en&view_op=search_authors&mauthors=Hossein%20Haghbin
INFO:scholarly:Getting https://scholar.google.com/citations?hl=en&view_op=search_authors&mauthors=Hossein%20Haghbin
INFO:scholarly:Session proxy config is {}
INFO:scholarly:Found 2 authors
INFO:scholarly:Getting https://scholar.google.com/citations?hl=en&user=yeRSqxAAAAAJ&pagesize=100
INFO:scholarly:Session proxy config is {}
INFO:scholarly:Getting https://scholar.google.com/citations?hl=en&view_op=search_authors&mauthors=Hossein%20Haghbin
INFO:scholarly:Session proxy config is {}
INFO:scholarly:Found 2 authors
INFO:scholarly:Getting https://scholar.google.com/citations?hl=en&user=yeRSqxAAAAAJ&pagesize=100
INFO:scholarly:Session proxy config is {}
INFO:scholarly:Getting https://scholar.google.com/citations?hl=en&view_op=search_authors&mauthors=Hossein%20Haghbin
INFO:scholarly:Session proxy config is {}
INFO:scholarly:Found 2 authors
INFO:scholarly:Getting https://scholar.google.com/citations?hl=en&user=yeRSqxAAAAAJ&pagesize=100
INFO:scholarly:Getting https://scholar.google.com/citations?hl=en&view_op=search_authors&mauthors=Hossein%20Haghbin
INFO:scholarly:Session proxy config is {}
INFO:scholarly:Found 2 authors
INFO:scholarly:Getting https://scholar.google.com/citations?hl=en&user=yeRSqxAAAAAJ&pagesize=100
INFO:scholarly:Session proxy config is {}
INFO:scholarly:Getting https://scholar.google.com/citations?hl=en&view_op=search_authors&mauthors=Hossein%20Haghbin
INFO:scholarly:Session proxy config is {}
INFO:scholarly:Found 2 authors
INFO:scholarly:Getting https://scholar.google.com/citations?hl=en&user=yeRSqxAAAAAJ&pagesize=100
INFO:scholarly:Session proxy config is {}
INFO:scholarly:Getting https://scholar.google.com/citations?hl=en&view_op=search_authors&mauthors=Hossein%20Haghbin
INFO:scholarly:Session proxy config is {}
INFO:scholarly:Found 2 authors
INFO:scholarly:Getting https://scholar.google.com/citations?hl=en&user=yeRSqxAAAAAJ&pagesize=100
INFO:scholarly:Session proxy config is {}
INFO:scholarly:Getting https://scholar.google.com/citations?hl=en&view_op=search_authors&mauthors=Hossein%20Haghbin
INFO:scholarly:Session proxy config is {}
INFO:scholarly:Found 2 authors
INFO:scholarly:Getting https://scholar.google.com/citations?hl=en&user=yeRSqxAAAAAJ&pagesize=100
INFO:scholarly:Session proxy config is {}
INFO:scholarly:Getting https://scholar.google.com/citations?hl=en&view_op=search_authors&mauthors=Hossein%20Haghbin
INFO:scholarly:Session proxy config is {}
INFO:scholarly:Found 2 authors
INFO:scholarly:Getting https://scholar.google.com/citations?hl=en&user=yeRSqxAAAAAJ&pagesize=100
INFO:scholarly:Session proxy config is {}
INFO:scholarly:Getting https://scholar.google.com/citations?hl=en&view_op=search_authors&mauthors=Hossein%20Haghbin
INFO:scholarly:Session proxy config is {}
INFO:scholarly:Found 2 authors
INFO:scholarly:Getting https://scholar.google.com/citations?hl=en&user=yeRSqxAAAAAJ&pagesize=100
INFO:scholarly:Session proxy config is {}
INFO:scholarly:Getting https://scholar.google.com/citations?hl=en&view_op=search_authors&mauthors=Hossein%20Haghbin
INFO:scholarly:Session proxy config is {}
INFO:scholarly:Found 2 authors
INFO:scholarly:Getting https://scholar.google.com/citations?hl=en&user=yeRSqxAAAAAJ&pagesize=100
INFO:scholarly:Session proxy config is {}
INFO:scholarly:Getting https://scholar.google.com/citations?hl=en&view_op=search_authors&mauthors=Hossein%20Haghbin
INFO:scholarly:Session proxy config is {}
INFO:scholarly:Found 2 authors
INFO:scholarly:Getting https://scholar.google.com/citations?hl=en&user=yeRSqxAAAAAJ&pagesize=100
INFO:scholarly:Session proxy config is {}
INFO:scholarly:Getting https://scholar.google.com/citations?hl=en&view_op=search_authors&mauthors=Hossein%20Haghbin
INFO:scholarly:Session proxy config is {}
INFO:scholarly:Found 2 authors
INFO:scholarly:Getting https://scholar.google.com/citations?hl=en&user=yeRSqxAAAAAJ&pagesize=100
INFO:scholarly:Session proxy config is {}
INFO:scholarly:Getting https://scholar.google.com/citations?hl=en&view_op=search_authors&mauthors=Hossein%20Haghbin
INFO:scholarly:Session proxy config is {}
INFO:scholarly:Found 2 authors
INFO:scholarly:Getting https://scholar.google.com/citations?hl=en&user=yeRSqxAAAAAJ&pagesize=100
INFO:scholarly:Session proxy config is {}
INFO:scholarly:Getting https://scholar.google.com/citations?hl=en&view_op=search_authors&mauthors=Hossein%20Haghbin
INFO:scholarly:Session proxy config is {}
INFO:scholarly:Found 2 authors
INFO:scholarly:Getting https://scholar.google.com/citations?hl=en&user=yeRSqxAAAAAJ&pagesize=100
INFO:scholarly:Session proxy config is {}
INFO:scholarly:Getting https://scholar.google.com/citations?hl=en&view_op=search_authors&mauthors=Hossein%20Haghbin
INFO:scholarly:Session proxy config is {}
INFO:scholarly:Found 2 authors
INFO:scholarly:Getting https://scholar.google.com/citations?hl=en&user=yeRSqxAAAAAJ&pagesize=100
INFO:scholarly:Session proxy config is {}
INFO:scholarly:Getting https://scholar.google.com/citations?hl=en&view_op=search_authors&mauthors=Hossein%20Haghbin
INFO:scholarly:Session proxy config is {}
INFO:scholarly:Found 2 authors
INFO:scholarly:Getting https://scholar.google.com/citations?hl=en&user=yeRSqxAAAAAJ&pagesize=100
INFO:scholarly:Session proxy config is {}
INFO:scholarly:Getting https://scholar.google.com/citations?hl=en&view_op=search_authors&mauthors=Hossein%20Haghbin
INFO:scholarly:Session proxy config is {}
INFO:scholarly:Found 2 authors
INFO:scholarly:Getting https://scholar.google.com/citations?hl=en&user=yeRSqxAAAAAJ&pagesize=100
INFO:scholarly:Session proxy config is {}
INFO:scholarly:Getting https://scholar.google.com/citations?hl=en&view_op=search_authors&mauthors=Hossein%20Haghbin
INFO:scholarly:Session proxy config is {}
INFO:scholarly:Found 2 authors
INFO:scholarly:Getting https://scholar.google.com/citations?hl=en&user=yeRSqxAAAAAJ&pagesize=100
INFO:scholarly:Session proxy config is {}
INFO:scholarly:Getting https://scholar.google.com/citations?hl=en&view_op=search_authors&mauthors=Hossein%20Haghbin
INFO:scholarly:Session proxy config is {}
INFO:scholarly:Found 2 authors
INFO:scholarly:Getting https://scholar.google.com/citations?hl=en&user=yeRSqxAAAAAJ&pagesize=100
INFO:scholarly:Session proxy config is {}
INFO:scholarly:Getting https://scholar.google.com/citations?hl=en&view_op=search_authors&mauthors=Hossein%20Haghbin
INFO:scholarly:Session proxy config is {}
INFO:scholarly:Found 2 authors
INFO:scholarly:Getting https://scholar.google.com/citations?hl=en&user=yeRSqxAAAAAJ&pagesize=100
INFO:scholarly:Session proxy config is {}
INFO:scholarly:Getting https://scholar.google.com/citations?hl=en&view_op=search_authors&mauthors=Hossein%20Haghbin
INFO:scholarly:Session proxy config is {}
INFO:scholarly:Found 2 authors
INFO:scholarly:Getting https://scholar.google.com/citations?hl=en&user=yeRSqxAAAAAJ&pagesize=100
INFO:scholarly:Session proxy config is {}
INFO:scholarly:Getting https://scholar.google.com/citations?hl=en&view_op=search_authors&mauthors=Hossein%20Haghbin
INFO:scholarly:Session proxy config is {}
INFO:scholarly:Found 2 authors
INFO:scholarly:Getting https://scholar.google.com/citations?hl=en&user=yeRSqxAAAAAJ&pagesize=100
INFO:scholarly:Session proxy config is {}
INFO:scholarly:Getting https://scholar.google.com/citations?hl=en&view_op=search_authors&mauthors=Hossein%20Haghbin
INFO:scholarly:Session proxy config is {}
INFO:scholarly:Found 2 authors
INFO:scholarly:Getting https://scholar.google.com/citations?hl=en&user=yeRSqxAAAAAJ&pagesize=100
INFO:scholarly:Session proxy config is {}
INFO:scholarly:Getting https://scholar.google.com/citations?hl=en&view_op=search_authors&mauthors=Hossein%20Haghbin
INFO:scholarly:Session proxy config is {}
INFO:scholarly:Found 2 authors
INFO:scholarly:Getting https://scholar.google.com/citations?hl=en&user=yeRSqxAAAAAJ&pagesize=100
INFO:scholarly:Session proxy config is {}
INFO:scholarly:Getting https://scholar.google.com/citations?hl=en&view_op=search_authors&mauthors=Hossein%20Haghbin
INFO:scholarly:Session proxy config is {}
INFO:scholarly:Found 2 authors
INFO:scholarly:Getting https://scholar.google.com/citations?hl=en&user=yeRSqxAAAAAJ&pagesize=100
INFO:scholarly:Session proxy config is {}
INFO:scholarly:Getting https://scholar.google.com/citations?hl=en&view_op=search_authors&mauthors=Hossein%20Haghbin
INFO:scholarly:Session proxy config is {}
INFO:scholarly:Found 2 authors
INFO:scholarly:Getting https://scholar.google.com/citations?hl=en&user=yeRSqxAAAAAJ&pagesize=100
INFO:scholarly:Session proxy config is {}
INFO:scholarly:Getting https://scholar.google.com/citations?hl=en&view_op=search_authors&mauthors=Hossein%20Haghbin
INFO:scholarly:Session proxy config is {}
INFO:scholarly:Found 2 authors
INFO:scholarly:Getting https://scholar.google.com/citations?hl=en&user=yeRSqxAAAAAJ&pagesize=100
INFO:scholarly:Session proxy config is {}
INFO:scholarly:Getting https://scholar.google.com/citations?hl=en&view_op=search_authors&mauthors=Hossein%20Haghbin
INFO:scholarly:Session proxy config is {}
INFO:scholarly:Found 2 authors
INFO:scholarly:Getting https://scholar.google.com/citations?hl=en&user=yeRSqxAAAAAJ&pagesize=100
INFO:scholarly:Session proxy config is {}
INFO:scholarly:Getting https://scholar.google.com/citations?hl=en&view_op=search_authors&mauthors=Hossein%20Haghbin
INFO:scholarly:Session proxy config is {}
INFO:scholarly:Found 2 authors
INFO:scholarly:Getting https://scholar.google.com/citations?hl=en&user=yeRSqxAAAAAJ&pagesize=100
INFO:scholarly:Session proxy config is {}
INFO:scholarly:Getting https://scholar.google.com/citations?hl=en&view_op=search_authors&mauthors=Hossein%20Haghbin
INFO:scholarly:Session proxy config is {}
INFO:scholarly:Found 2 authors
INFO:scholarly:Getting https://scholar.google.com/citations?hl=en&user=yeRSqxAAAAAJ&pagesize=100
INFO:scholarly:Session proxy config is {}
INFO:scholarly:Getting https://scholar.google.com/citations?hl=en&view_op=search_authors&mauthors=Hossein%20Haghbin
INFO:scholarly:Session proxy config is {}
INFO:scholarly:Found 2 authors
INFO:scholarly:Getting https://scholar.google.com/citations?hl=en&user=yeRSqxAAAAAJ&pagesize=100
INFO:scholarly:Session proxy config is {}
INFO:scholarly:Getting https://scholar.google.com/citations?hl=en&view_op=search_authors&mauthors=Hossein%20Haghbin
INFO:scholarly:Session proxy config is {}
INFO:scholarly:Found 2 authors
INFO:scholarly:Getting https://scholar.google.com/citations?hl=en&user=yeRSqxAAAAAJ&pagesize=100
INFO:scholarly:Session proxy config is {}
INFO:scholarly:Getting https://scholar.google.com/citations?hl=en&view_op=search_authors&mauthors=Hossein%20Haghbin
INFO:scholarly:Session proxy config is {}
INFO:scholarly:Found 2 authors
INFO:scholarly:Getting https://scholar.google.com/citations?hl=en&user=yeRSqxAAAAAJ&pagesize=100
INFO:scholarly:Session proxy config is {}
INFO:scholarly:Getting https://scholar.google.com/citations?hl=en&view_op=search_authors&mauthors=Hossein%20Haghbin
INFO:scholarly:Session proxy config is {}
INFO:scholarly:Found 2 authors
INFO:scholarly:Getting https://scholar.google.com/citations?hl=en&user=yeRSqxAAAAAJ&pagesize=100
INFO:scholarly:Session proxy config is {}
INFO:scholarly:Getting https://scholar.google.com/citations?hl=en&view_op=search_authors&mauthors=Hossein%20Haghbin
INFO:scholarly:Session proxy config is {}
INFO:scholarly:Found 2 authors
INFO:scholarly:Getting https://scholar.google.com/citations?hl=en&user=yeRSqxAAAAAJ&pagesize=100
INFO:scholarly:Session proxy config is {}
INFO:scholarly:Getting https://scholar.google.com/citations?hl=en&view_op=search_authors&mauthors=Hossein%20Haghbin
INFO:scholarly:Session proxy config is {}
INFO:scholarly:Found 2 authors
INFO:scholarly:Getting https://scholar.google.com/citations?hl=en&user=yeRSqxAAAAAJ&pagesize=100
INFO:scholarly:Session proxy config is {}
INFO:scholarly:Getting https://scholar.google.com/citations?hl=en&view_op=search_authors&mauthors=Hossein%20Haghbin
INFO:scholarly:Session proxy config is {}
INFO:scholarly:Found 2 authors
INFO:scholarly:Getting https://scholar.google.com/citations?hl=en&user=yeRSqxAAAAAJ&pagesize=100
INFO:scholarly:Session proxy config is {}
INFO:scholarly:Getting https://scholar.google.com/citations?hl=en&view_op=search_authors&mauthors=Hossein%20Haghbin
INFO:scholarly:Session proxy config is {}
INFO:scholarly:Found 2 authors
INFO:scholarly:Getting https://scholar.google.com/citations?hl=en&user=yeRSqxAAAAAJ&pagesize=100
INFO:scholarly:Session proxy config is {}
INFO:scholarly:Getting https://scholar.google.com/citations?hl=en&view_op=search_authors&mauthors=Hossein%20Haghbin
INFO:scholarly:Session proxy config is {}
INFO:scholarly:Found 2 authors
INFO:scholarly:Getting https://scholar.google.com/citations?hl=en&user=yeRSqxAAAAAJ&pagesize=100
INFO:scholarly:Session proxy config is {}
INFO:scholarly:Getting https://scholar.google.com/citations?hl=en&view_op=search_authors&mauthors=Hossein%20Haghbin
INFO:scholarly:Session proxy config is {}
INFO:scholarly:Found 2 authors
INFO:scholarly:Getting https://scholar.google.com/citations?hl=en&user=yeRSqxAAAAAJ&pagesize=100
INFO:scholarly:Session proxy config is {}
INFO:scholarly:Getting https://scholar.google.com/citations?hl=en&view_op=search_authors&mauthors=Hossein%20Haghbin
INFO:scholarly:Session proxy config is {}
INFO:scholarly:Found 2 authors
INFO:scholarly:Getting https://scholar.google.com/citations?hl=en&user=yeRSqxAAAAAJ&pagesize=100
INFO:scholarly:Session proxy config is {}
INFO:scholarly:Getting https://scholar.google.com/citations?hl=en&view_op=search_authors&mauthors=Hossein%20Haghbin
INFO:scholarly:Session proxy config is {}
INFO:scholarly:Found 2 authors
INFO:scholarly:Getting https://scholar.google.com/citations?hl=en&user=yeRSqxAAAAAJ&pagesize=100
INFO:scholarly:Session proxy config is {}
INFO:scholarly:Getting https://scholar.google.com/citations?hl=en&view_op=search_authors&mauthors=Hossein%20Haghbin
INFO:scholarly:Session proxy config is {}
INFO:scholarly:Found 2 authors
INFO:scholarly:Getting https://scholar.google.com/citations?hl=en&user=yeRSqxAAAAAJ&pagesize=100
INFO:scholarly:Session proxy config is {}
INFO:scholarly:Getting https://scholar.google.com/citations?hl=en&view_op=search_authors&mauthors=Hossein%20Haghbin
INFO:scholarly:Session proxy config is {}
INFO:scholarly:Found 2 authors
INFO:scholarly:Getting https://scholar.google.com/citations?hl=en&user=yeRSqxAAAAAJ&pagesize=100
INFO:scholarly:Session proxy config is {}
INFO:scholarly:Getting https://scholar.google.com/citations?hl=en&view_op=search_authors&mauthors=Hossein%20Haghbin
INFO:scholarly:Session proxy config is {}
INFO:scholarly:Found 2 authors
INFO:scholarly:Getting https://scholar.google.com/citations?hl=en&user=yeRSqxAAAAAJ&pagesize=100
INFO:scholarly:Session proxy config is {}
INFO:scholarly:Getting https://scholar.google.com/citations?hl=en&view_op=search_authors&mauthors=Hossein%20Haghbin
INFO:scholarly:Session proxy config is {}
INFO:scholarly:Found 2 authors
INFO:scholarly:Getting https://scholar.google.com/citations?hl=en&user=yeRSqxAAAAAJ&pagesize=100
INFO:scholarly:Session proxy config is {}
INFO:scholarly:Getting https://scholar.google.com/citations?hl=en&view_op=search_authors&mauthors=Hossein%20Haghbin
INFO:scholarly:Session proxy config is {}
INFO:scholarly:Found 2 authors
INFO:scholarly:Getting https://scholar.google.com/citations?hl=en&user=yeRSqxAAAAAJ&pagesize=100
INFO:scholarly:Session proxy config is {}
INFO:scholarly:Getting https://scholar.google.com/citations?hl=en&view_op=search_authors&mauthors=Hossein%20Haghbin
INFO:scholarly:Session proxy config is {}
INFO:scholarly:Found 2 authors
INFO:scholarly:Getting https://scholar.google.com/citations?hl=en&user=yeRSqxAAAAAJ&pagesize=100
INFO:scholarly:Session proxy config is {}
INFO:scholarly:Getting https://scholar.google.com/citations?hl=en&view_op=search_authors&mauthors=Hossein%20Haghbin
INFO:scholarly:Session proxy config is {}
INFO:scholarly:Found 2 authors
INFO:scholarly:Getting https://scholar.google.com/citations?hl=en&user=yeRSqxAAAAAJ&pagesize=100
INFO:scholarly:Session proxy config is {}
INFO:scholarly:Getting https://scholar.google.com/citations?hl=en&view_op=search_authors&mauthors=Hossein%20Haghbin
INFO:scholarly:Session proxy config is {}
INFO:scholarly:Found 2 authors
INFO:scholarly:Getting https://scholar.google.com/citations?hl=en&user=yeRSqxAAAAAJ&pagesize=100
INFO:scholarly:Session proxy config is {}
INFO:scholarly:Getting https://scholar.google.com/citations?hl=en&view_op=search_authors&mauthors=Hossein%20Haghbin
INFO:scholarly:Session proxy config is {}
INFO:scholarly:Found 2 authors
INFO:scholarly:Getting https://scholar.google.com/citations?hl=en&user=yeRSqxAAAAAJ&pagesize=100
INFO:scholarly:Session proxy config is {}
INFO:scholarly:Getting https://scholar.google.com/citations?hl=en&view_op=search_authors&mauthors=Hossein%20Haghbin
INFO:scholarly:Session proxy config is {}
INFO:scholarly:Found 2 authors
INFO:scholarly:Getting https://scholar.google.com/citations?hl=en&user=yeRSqxAAAAAJ&pagesize=100
INFO:scholarly:Session proxy config is {}
INFO:scholarly:Getting https://scholar.google.com/citations?hl=en&view_op=search_authors&mauthors=Hossein%20Haghbin
INFO:scholarly:Session proxy config is {}
INFO:scholarly:Found 2 authors
INFO:scholarly:Getting https://scholar.google.com/citations?hl=en&user=yeRSqxAAAAAJ&pagesize=100
INFO:scholarly:Session proxy config is {}
INFO:scholarly:Getting https://scholar.google.com/citations?hl=en&view_op=search_authors&mauthors=Hossein%20Haghbin
INFO:scholarly:Session proxy config is {}
INFO:scholarly:Found 2 authors
INFO:scholarly:Getting https://scholar.google.com/citations?hl=en&user=yeRSqxAAAAAJ&pagesize=100
INFO:scholarly:Session proxy config is {}
INFO:scholarly:Getting https://scholar.google.com/citations?hl=en&view_op=search_authors&mauthors=Hossein%20Haghbin
INFO:scholarly:Session proxy config is {}
INFO:scholarly:Found 2 authors
INFO:scholarly:Getting https://scholar.google.com/citations?hl=en&user=yeRSqxAAAAAJ&pagesize=100
INFO:scholarly:Session proxy config is {}
INFO:scholarly:Getting https://scholar.google.com/citations?hl=en&view_op=search_authors&mauthors=Hossein%20Haghbin
INFO:scholarly:Session proxy config is {}
INFO:scholarly:Found 2 authors
INFO:scholarly:Getting https://scholar.google.com/citations?hl=en&user=yeRSqxAAAAAJ&pagesize=100
INFO:scholarly:Session proxy config is {}
INFO:scholarly:Getting https://scholar.google.com/citations?hl=en&view_op=search_authors&mauthors=Hossein%20Haghbin
INFO:scholarly:Session proxy config is {}
INFO:scholarly:Found 2 authors
INFO:scholarly:Getting https://scholar.google.com/citations?hl=en&user=yeRSqxAAAAAJ&pagesize=100
INFO:scholarly:Session proxy config is {}
INFO:scholarly:Getting https://scholar.google.com/citations?hl=en&view_op=search_authors&mauthors=Hossein%20Haghbin
INFO:scholarly:Session proxy config is {}
INFO:scholarly:Found 2 authors
INFO:scholarly:Getting https://scholar.google.com/citations?hl=en&user=yeRSqxAAAAAJ&pagesize=100
INFO:scholarly:Session proxy config is {}
INFO:scholarly:Getting https://scholar.google.com/citations?hl=en&view_op=search_authors&mauthors=Hossein%20Haghbin
INFO:scholarly:Session proxy config is {}
INFO:scholarly:Found 2 authors
INFO:scholarly:Getting https://scholar.google.com/citations?hl=en&user=yeRSqxAAAAAJ&pagesize=100
INFO:scholarly:Session proxy config is {}
INFO:scholarly:Getting https://scholar.google.com/citations?hl=en&view_op=search_authors&mauthors=Navid%20Yasrebi
INFO:scholarly:Session proxy config is {}
INFO:scholarly:Found 0 authors
INFO:scholarly:No more author pages
INFO:scholarly:Getting https://scholar.google.com/citations?hl=en&view_op=search_authors&mauthors=Ali%20Jamshidi
INFO:scholarly:Session proxy config is {}
INFO:scholarly:Found 9 authors
INFO:scholarly:Getting https://scholar.google.com/citations?hl=en&user=m1knSK8AAAAJ&pagesize=100
INFO:scholarly:Session proxy config is {}
INFO:scholarly:Getting https://scholar.google.com/citations?hl=en&view_op=search_authors&mauthors=Ali%20Jamshidi
INFO:scholarly:Session proxy config is {}
INFO:scholarly:Found 9 authors
INFO:scholarly:Getting https://scholar.google.com/citations?hl=en&user=m1knSK8AAAAJ&pagesize=100
INFO:scholarly:Session proxy config is {}
INFO:scholarly:Getting https://scholar.google.com/citations?hl=en&view_op=search_authors&mauthors=Hossein%20Haghbin
INFO:scholarly:Session proxy config is {}
INFO:scholarly:Found 2 authors
INFO:scholarly:Getting https://scholar.google.com/citations?hl=en&user=yeRSqxAAAAAJ&pagesize=100
INFO:scholarly:Session proxy config is {}
INFO:scholarly:Getting https://scholar.google.com/citations?hl=en&view_op=search_authors&mauthors=Ali%20Jamshidi
INFO:scholarly:Session proxy config is {}
INFO:scholarly:Found 9 authors
INFO:scholarly:Getting https://scholar.google.com/citations?hl=en&user=m1knSK8AAAAJ&pagesize=100
INFO:scholarly:Session proxy config is {}
INFO:scholarly:Getting https://scholar.google.com/citations?hl=en&view_op=search_authors&mauthors=Alireza%20keshavarz-haddad
INFO:scholarly:Session proxy config is {}
INFO:scholarly:Found 1 authors
INFO:scholarly:Getting https://scholar.google.com/citations?hl=en&user=AOnkCWAAAAAJ&pagesize=100
INFO:scholarly:Session proxy config is {}
INFO:scholarly:Getting https://scholar.google.com/citations?hl=en&view_op=search_authors&mauthors=%20
INFO:scholarly:Session proxy config is {}
INFO:scholarly:Found 0 authors
INFO:scholarly:No more author pages
INFO:scholarly:Getting https://scholar.google.com/citations?hl=en&view_op=search_authors&mauthors=Ali%20Akbar%20Safavi
INFO:scholarly:Session proxy config is {}
INFO:scholarly:Found 1 authors
INFO:scholarly:Getting https://scholar.google.com/citations?hl=en&user=r5zor48AAAAJ&pagesize=100
INFO:scholarly:Session proxy config is {}
INFO:scholarly:Getting https://scholar.google.com/citations?hl=en&user=r5zor48AAAAJ&cstart=100&pagesize=100
INFO:scholarly:Session proxy config is {}
INFO:scholarly:Getting https://scholar.google.com/citations?hl=en&user=r5zor48AAAAJ&cstart=200&pagesize=100
INFO:scholarly:Session proxy config is {}
INFO:scholarly:Getting https://scholar.google.com/citations?hl=en&view_op=search_authors&mauthors=Mohammad%20Rastegar
INFO:scholarly:Session proxy config is {}
INFO:scholarly:Found 4 authors
INFO:scholarly:Getting https://scholar.google.com/citations?hl=en&user=9g_JtkIAAAAJ&pagesize=100
INFO:scholarly:Session proxy config is {}
INFO:scholarly:Getting https://scholar.google.com/citations?hl=en&view_op=search_authors&mauthors=Mohammad%20Rastegar
INFO:scholarly:Session proxy config is {}
INFO:scholarly:Found 4 authors
INFO:scholarly:Getting https://scholar.google.com/citations?hl=en&user=9g_JtkIAAAAJ&pagesize=100
INFO:scholarly:Session proxy config is {}
INFO:scholarly:Getting https://scholar.google.com/citations?hl=en&view_op=search_authors&mauthors=Mohammad%20Rastegar
INFO:scholarly:Session proxy config is {}
INFO:scholarly:Found 4 authors
INFO:scholarly:Getting https://scholar.google.com/citations?hl=en&user=9g_JtkIAAAAJ&pagesize=100
INFO:scholarly:Session proxy config is {}
INFO:scholarly:Getting https://scholar.google.com/citations?hl=en&view_op=search_authors&mauthors=Mohammad%20Rastegar
INFO:scholarly:Timeout Exception ConnectTimeout while fetching page: (MaxRetryError("HTTPSConnectionPool(host='scholar.google.com', port=443): Max retries exceeded with url: /citations?hl=en&view_op=search_authors&mauthors=Mohammad%20Rastegar (Caused by ConnectTimeoutError(<urllib3.connection.HTTPSConnection object at 0x03C662E0>, 'Connection to scholar.google.com timed out. (connect timeout=5)'))"),)
INFO:scholarly:Increasing timeout and retrying within same session.
INFO:scholarly:Timeout Exception ConnectTimeout while fetching page: (MaxRetryError("HTTPSConnectionPool(host='scholar.google.com', port=443): Max retries exceeded with url: /citations?hl=en&view_op=search_authors&mauthors=Mohammad%20Rastegar (Caused by ConnectTimeoutError(<urllib3.connection.HTTPSConnection object at 0x03C664D8>, 'Connection to scholar.google.com timed out. (connect timeout=10)'))"),)
INFO:scholarly:Increasing timeout and retrying within same session.
INFO:scholarly:Exception ConnectionError while fetching page: (MaxRetryError("HTTPSConnectionPool(host='scholar.google.com', port=443): Max retries exceeded with url: /citations?hl=en&view_op=search_authors&mauthors=Mohammad%20Rastegar (Caused by NewConnectionError('<urllib3.connection.HTTPSConnection object at 0x03C666E8>: Failed to establish a new connection: [WinError 10060] A connection attempt failed because the connected party did not properly respond after a period of time, or established connection failed because connected host has failed to respond'))"),)
INFO:scholarly:Retrying with a new session.
INFO:scholarly:Session proxy config is {}
INFO:scholarly:Found 4 authors
INFO:scholarly:Getting https://scholar.google.com/citations?hl=en&user=9g_JtkIAAAAJ&pagesize=100
INFO:scholarly:Session proxy config is {}
INFO:scholarly:Getting https://scholar.google.com/citations?hl=en&view_op=search_authors&mauthors=kimia%20kamiyab
INFO:scholarly:Session proxy config is {}
INFO:scholarly:Found 0 authors
INFO:scholarly:No more author pages
INFO:scholarly:Getting https://scholar.google.com/citations?hl=en&view_op=search_authors&mauthors=Mohammad%20Rastegar
INFO:scholarly:Session proxy config is {}
INFO:scholarly:Found 4 authors
INFO:scholarly:Getting https://scholar.google.com/citations?hl=en&user=9g_JtkIAAAAJ&pagesize=100
INFO:scholarly:Session proxy config is {}
INFO:scholarly:Getting https://scholar.google.com/citations?hl=en&view_op=search_authors&mauthors=Mohammad%20Rastegar
INFO:scholarly:Session proxy config is {}
INFO:scholarly:Found 4 authors
INFO:scholarly:Getting https://scholar.google.com/citations?hl=en&user=9g_JtkIAAAAJ&pagesize=100
INFO:scholarly:Session proxy config is {}
INFO:scholarly:Getting https://scholar.google.com/citations?hl=en&view_op=search_authors&mauthors=Hossein%20Haghbin
INFO:scholarly:Session proxy config is {}
INFO:scholarly:Found 2 authors
INFO:scholarly:Getting https://scholar.google.com/citations?hl=en&user=yeRSqxAAAAAJ&pagesize=100
INFO:scholarly:Session proxy config is {}
INFO:scholarly:Getting https://scholar.google.com/citations?hl=en&view_op=search_authors&mauthors=Hossein%20Haghbin
INFO:scholarly:Session proxy config is {}
INFO:scholarly:Found 2 authors
INFO:scholarly:Getting https://scholar.google.com/citations?hl=en&user=yeRSqxAAAAAJ&pagesize=100
INFO:scholarly:Session proxy config is {}
INFO:scholarly:Getting https://scholar.google.com/citations?hl=en&view_op=search_authors&mauthors=Hossein%20Haghbin
INFO:scholarly:Session proxy config is {}
INFO:scholarly:Found 2 authors
INFO:scholarly:Getting https://scholar.google.com/citations?hl=en&user=yeRSqxAAAAAJ&pagesize=100
INFO:scholarly:Session proxy config is {}
INFO:scholarly:Getting https://scholar.google.com/citations?hl=en&view_op=search_authors&mauthors=Hossein%20Haghbin
INFO:scholarly:Session proxy config is {}
INFO:scholarly:Found 2 authors
INFO:scholarly:Getting https://scholar.google.com/citations?hl=en&user=yeRSqxAAAAAJ&pagesize=100
INFO:scholarly:Session proxy config is {}
INFO:scholarly:Getting https://scholar.google.com/citations?hl=en&view_op=search_authors&mauthors=Mohammad%20Rastegar
INFO:scholarly:Session proxy config is {}
INFO:scholarly:Found 4 authors
INFO:scholarly:Getting https://scholar.google.com/citations?hl=en&user=9g_JtkIAAAAJ&pagesize=100
INFO:scholarly:Session proxy config is {}
INFO:scholarly:Getting https://scholar.google.com/citations?hl=en&view_op=search_authors&mauthors=Hossein%20Haghbin
INFO:scholarly:Session proxy config is {}
INFO:scholarly:Found 2 authors
INFO:scholarly:Getting https://scholar.google.com/citations?hl=en&user=yeRSqxAAAAAJ&pagesize=100
INFO:scholarly:Session proxy config is {}
INFO:scholarly:Getting https://scholar.google.com/citations?hl=en&view_op=search_authors&mauthors=Hossein%20Haghbin
INFO:scholarly:Session proxy config is {}
INFO:scholarly:Found 2 authors
INFO:scholarly:Getting https://scholar.google.com/citations?hl=en&user=yeRSqxAAAAAJ&pagesize=100
INFO:scholarly:Session proxy config is {}
INFO:scholarly:Getting https://scholar.google.com/citations?hl=en&view_op=search_authors&mauthors=Hossein%20Haghbin
INFO:scholarly:Session proxy config is {}
INFO:scholarly:Found 2 authors
INFO:scholarly:Getting https://scholar.google.com/citations?hl=en&user=yeRSqxAAAAAJ&pagesize=100
INFO:scholarly:Session proxy config is {}
INFO:scholarly:Getting https://scholar.google.com/citations?hl=en&view_op=search_authors&mauthors=Hossein%20Haghbin
INFO:scholarly:Session proxy config is {}
INFO:scholarly:Found 2 authors
INFO:scholarly:Getting https://scholar.google.com/citations?hl=en&user=yeRSqxAAAAAJ&pagesize=100
INFO:scholarly:Session proxy config is {}
INFO:scholarly:Getting https://scholar.google.com/citations?hl=en&view_op=search_authors&mauthors=Hossein%20Haghbin
INFO:scholarly:Session proxy config is {}
INFO:scholarly:Found 2 authors
INFO:scholarly:Getting https://scholar.google.com/citations?hl=en&user=yeRSqxAAAAAJ&pagesize=100
INFO:scholarly:Session proxy config is {}
INFO:scholarly:Getting https://scholar.google.com/citations?hl=en&view_op=search_authors&mauthors=Hossein%20Haghbin
INFO:scholarly:Session proxy config is {}
INFO:scholarly:Found 2 authors
INFO:scholarly:Getting https://scholar.google.com/citations?hl=en&user=yeRSqxAAAAAJ&pagesize=100
INFO:scholarly:Session proxy config is {}
INFO:scholarly:Getting https://scholar.google.com/citations?hl=en&view_op=search_authors&mauthors=Mohammad%20Rastegar
INFO:scholarly:Session proxy config is {}
INFO:scholarly:Found 4 authors
INFO:scholarly:Getting https://scholar.google.com/citations?hl=en&user=9g_JtkIAAAAJ&pagesize=100
INFO:scholarly:Session proxy config is {}
INFO:scholarly:Getting https://scholar.google.com/citations?hl=en&view_op=search_authors&mauthors=Hossein%20Haghbin
INFO:scholarly:Session proxy config is {}
INFO:scholarly:Found 2 authors
INFO:scholarly:Getting https://scholar.google.com/citations?hl=en&user=yeRSqxAAAAAJ&pagesize=100
INFO:scholarly:Session proxy config is {}
INFO:scholarly:Getting https://scholar.google.com/citations?hl=en&view_op=search_authors&mauthors=Hossein%20Haghbin
INFO:scholarly:Session proxy config is {}
INFO:scholarly:Found 2 authors
INFO:scholarly:Getting https://scholar.google.com/citations?hl=en&user=yeRSqxAAAAAJ&pagesize=100
INFO:scholarly:Session proxy config is {}
INFO:scholarly:Getting https://scholar.google.com/citations?hl=en&view_op=search_authors&mauthors=Hossein%20Haghbin
INFO:scholarly:Session proxy config is {}
INFO:scholarly:Found 2 authors
INFO:scholarly:Getting https://scholar.google.com/citations?hl=en&user=yeRSqxAAAAAJ&pagesize=100
INFO:scholarly:Session proxy config is {}
INFO:scholarly:Getting https://scholar.google.com/citations?hl=en&view_op=search_authors&mauthors=Hossein%20Haghbin
INFO:scholarly:Session proxy config is {}
INFO:scholarly:Found 2 authors
INFO:scholarly:Getting https://scholar.google.com/citations?hl=en&user=yeRSqxAAAAAJ&pagesize=100
INFO:scholarly:Session proxy config is {}
INFO:scholarly:Getting https://scholar.google.com/citations?hl=en&view_op=search_authors&mauthors=Hossein%20Haghbin
INFO:scholarly:Session proxy config is {}
INFO:scholarly:Found 2 authors
INFO:scholarly:Getting https://scholar.google.com/citations?hl=en&user=yeRSqxAAAAAJ&pagesize=100
INFO:scholarly:Session proxy config is {}
INFO:scholarly:Getting https://scholar.google.com/citations?hl=en&view_op=search_authors&mauthors=Hossein%20Haghbin
INFO:scholarly:Session proxy config is {}
INFO:scholarly:Found 2 authors
INFO:scholarly:Getting https://scholar.google.com/citations?hl=en&user=yeRSqxAAAAAJ&pagesize=100
INFO:scholarly:Session proxy config is {}
INFO:scholarly:Getting https://scholar.google.com/citations?hl=en&view_op=search_authors&mauthors=Hossein%20Haghbin
INFO:scholarly:Session proxy config is {}
INFO:scholarly:Found 2 authors
INFO:scholarly:Getting https://scholar.google.com/citations?hl=en&user=yeRSqxAAAAAJ&pagesize=100
INFO:scholarly:Session proxy config is {}
INFO:scholarly:Getting https://scholar.google.com/citations?hl=en&view_op=search_authors&mauthors=Hossein%20Haghbin
INFO:scholarly:Session proxy config is {}
INFO:scholarly:Found 2 authors
INFO:scholarly:Getting https://scholar.google.com/citations?hl=en&user=yeRSqxAAAAAJ&pagesize=100
INFO:scholarly:Session proxy config is {}
INFO:scholarly:Getting https://scholar.google.com/citations?hl=en&view_op=search_authors&mauthors=Alireza%20keshavarz-haddad
INFO:scholarly:Session proxy config is {}
INFO:scholarly:Found 1 authors
INFO:scholarly:Getting https://scholar.google.com/citations?hl=en&user=AOnkCWAAAAAJ&pagesize=100
INFO:scholarly:Session proxy config is {}
INFO:scholarly:Getting https://scholar.google.com/citations?hl=en&view_op=search_authors&mauthors=Mohammad%20Rastegar
INFO:scholarly:Session proxy config is {}
INFO:scholarly:Found 4 authors
INFO:scholarly:Getting https://scholar.google.com/citations?hl=en&user=9g_JtkIAAAAJ&pagesize=100
INFO:scholarly:Session proxy config is {}
INFO:scholarly:Getting https://scholar.google.com/citations?hl=en&view_op=search_authors&mauthors=Mohammad%20Rastegar
INFO:scholarly:Session proxy config is {}
INFO:scholarly:Found 4 authors
INFO:scholarly:Getting https://scholar.google.com/citations?hl=en&user=9g_JtkIAAAAJ&pagesize=100
INFO:scholarly:Session proxy config is {}
INFO:scholarly:Getting https://scholar.google.com/citations?hl=en&view_op=search_authors&mauthors=Mohammad%20Rastegar
INFO:scholarly:Session proxy config is {}
INFO:scholarly:Found 4 authors
INFO:scholarly:Getting https://scholar.google.com/citations?hl=en&user=9g_JtkIAAAAJ&pagesize=100
INFO:scholarly:Session proxy config is {}
INFO:scholarly:Getting https://scholar.google.com/citations?hl=en&view_op=search_authors&mauthors=Ali%20Jamshidi
INFO:scholarly:Session proxy config is {}
INFO:scholarly:Found 9 authors
INFO:scholarly:Getting https://scholar.google.com/citations?hl=en&user=m1knSK8AAAAJ&pagesize=100
INFO:scholarly:Session proxy config is {}
INFO:scholarly:Getting https://scholar.google.com/citations?hl=en&view_op=search_authors&mauthors=Ali%20Jamshidi
INFO:scholarly:Session proxy config is {}
INFO:scholarly:Found 9 authors
INFO:scholarly:Getting https://scholar.google.com/citations?hl=en&user=m1knSK8AAAAJ&pagesize=100
INFO:scholarly:Session proxy config is {}
INFO:scholarly:Getting https://scholar.google.com/citations?hl=en&view_op=search_authors&mauthors=Ali%20Jamshidi
INFO:scholarly:Session proxy config is {}
INFO:scholarly:Found 9 authors
INFO:scholarly:Getting https://scholar.google.com/citations?hl=en&user=m1knSK8AAAAJ&pagesize=100
INFO:scholarly:Session proxy config is {}
INFO:scholarly:Getting https://scholar.google.com/citations?hl=en&view_op=search_authors&mauthors=Ali%20Jamshidi
INFO:scholarly:Session proxy config is {}
INFO:scholarly:Found 9 authors
INFO:scholarly:Getting https://scholar.google.com/citations?hl=en&user=m1knSK8AAAAJ&pagesize=100
INFO:scholarly:Session proxy config is {}
INFO:scholarly:Getting https://scholar.google.com/citations?hl=en&view_op=search_authors&mauthors=kimia%20kamiyab
INFO:scholarly:Session proxy config is {}
INFO:scholarly:Found 0 authors
INFO:scholarly:No more author pages
INFO:scholarly:Getting https://scholar.google.com/citations?hl=en&view_op=search_authors&mauthors=Hossein%20Haghbin
INFO:scholarly:Session proxy config is {}
INFO:scholarly:Found 2 authors
INFO:scholarly:Getting https://scholar.google.com/citations?hl=en&user=yeRSqxAAAAAJ&pagesize=100
INFO:scholarly:Session proxy config is {}
INFO:scholarly:Getting https://scholar.google.com/citations?hl=en&view_op=search_authors&mauthors=Hossei%20Haghbin
INFO:scholarly:Session proxy config is {}
INFO:scholarly:Found 2 authors
INFO:scholarly:Getting https://scholar.google.com/citations?hl=en&user=yeRSqxAAAAAJ&pagesize=100
INFO:scholarly:Session proxy config is {}
INFO:scholarly:Getting https://scholar.google.com/citations?hl=en&view_op=search_authors&mauthors=Hossei%20Haghbin
INFO:scholarly:Session proxy config is {}
INFO:scholarly:Found 2 authors
INFO:scholarly:Getting https://scholar.google.com/citations?hl=en&user=yeRSqxAAAAAJ&pagesize=100
INFO:scholarly:Session proxy config is {}
INFO:scholarly:Getting https://scholar.google.com/citations?hl=en&view_op=search_authors&mauthors=kim%20Haghbin
INFO:scholarly:Session proxy config is {}
INFO:scholarly:Found 0 authors
INFO:scholarly:No more author pages
INFO:scholarly:Getting https://scholar.google.com/citations?hl=en&view_op=search_authors&mauthors=kim%20kam
INFO:scholarly:Session proxy config is {}
INFO:scholarly:Found 1 authors
INFO:scholarly:Getting https://scholar.google.com/citations?hl=en&user=FrwPxlIAAAAJ&pagesize=100
INFO:scholarly:Session proxy config is {}
INFO:scholarly:Getting https://scholar.google.com/citations?hl=en&view_op=search_authors&mauthors=kimia%20kamiyab
INFO:scholarly:Session proxy config is {}
INFO:scholarly:Found 0 authors
INFO:scholarly:No more author pages
INFO:scholarly:Getting https://scholar.google.com/citations?hl=en&view_op=search_authors&mauthors=kimia%20kamiyabbb
INFO:scholarly:Session proxy config is {}
INFO:scholarly:Found 0 authors
INFO:scholarly:No more author pages
INFO:scholarly:Getting https://scholar.google.com/citations?hl=en&view_op=search_authors&mauthors=kimia%20kamiyabbb
INFO:scholarly:Session proxy config is {}
INFO:scholarly:Found 0 authors
INFO:scholarly:No more author pages
INFO:scholarly:Getting https://scholar.google.com/citations?hl=en&view_op=search_authors&mauthors=kimia%20kamiyabbb
INFO:scholarly:Session proxy config is {}
INFO:scholarly:Found 0 authors
INFO:scholarly:No more author pages
INFO:scholarly:Getting https://scholar.google.com/citations?hl=en&view_op=search_authors&mauthors=kimia%20kamiyabbb
INFO:scholarly:Session proxy config is {}
INFO:scholarly:Found 0 authors
INFO:scholarly:No more author pages
INFO:scholarly:Getting https://scholar.google.com/citations?hl=en&view_op=search_authors&mauthors=kimia%20kamiyabbb
INFO:scholarly:Session proxy config is {}
INFO:scholarly:Found 0 authors
INFO:scholarly:No more author pages
INFO:scholarly:Getting https://scholar.google.com/citations?hl=en&view_op=search_authors&mauthors=kimia%20kamiyabbb
INFO:scholarly:Session proxy config is {}
INFO:scholarly:Found 0 authors
INFO:scholarly:No more author pages
INFO:scholarly:Getting https://scholar.google.com/citations?hl=en&view_op=search_authors&mauthors=Hossein%20Haghbin
INFO:scholarly:Session proxy config is {}
INFO:scholarly:Found 2 authors
INFO:scholarly:Getting https://scholar.google.com/citations?hl=en&view_op=search_authors&mauthors=Hossein%20Haghbin
INFO:scholarly:Session proxy config is {}
INFO:scholarly:Found 2 authors
INFO:scholarly:Getting https://scholar.google.com/citations?hl=en&view_op=search_authors&mauthors=Hossein%20Haghbin
INFO:scholarly:Session proxy config is {}
INFO:scholarly:Found 2 authors
INFO:scholarly:Getting https://scholar.google.com/citations?hl=en&user=yeRSqxAAAAAJ&pagesize=100
INFO:scholarly:Session proxy config is {}
INFO:scholarly:Getting https://scholar.google.com/citations?hl=en&view_op=search_authors&mauthors=peyman%20setoodeh
INFO:scholarly:Session proxy config is {}
INFO:scholarly:Found 1 authors
INFO:scholarly:Getting https://scholar.google.com/citations?hl=en&user=Eqav17AAAAAJ&pagesize=100
INFO:scholarly:Session proxy config is {}
INFO:scholarly:Getting https://scholar.google.com/citations?hl=en&view_op=search_authors&mauthors=Peyman%20Setoodeh
INFO:scholarly:Session proxy config is {}
INFO:scholarly:Found 1 authors
INFO:scholarly:Getting https://scholar.google.com/citations?hl=en&user=Eqav17AAAAAJ&pagesize=100
INFO:scholarly:Session proxy config is {}
INFO:scholarly:Getting https://scholar.google.com/citations?hl=en&view_op=search_authors&mauthors=Peyman%20Setoodeh
INFO:scholarly:Session proxy config is {}
INFO:scholarly:Found 1 authors
INFO:scholarly:Getting https://scholar.google.com/citations?hl=en&user=Eqav17AAAAAJ&pagesize=100
INFO:scholarly:Session proxy config is {}
INFO:scholarly:Getting https://scholar.google.com/citations?hl=en&view_op=search_authors&mauthors=Peyman%20Setoodeh
INFO:scholarly:Session proxy config is {}
INFO:scholarly:Found 1 authors
INFO:scholarly:Getting https://scholar.google.com/citations?hl=en&user=Eqav17AAAAAJ&pagesize=100
INFO:scholarly:Session proxy config is {}
INFO:scholarly:Getting https://scholar.google.com/citations?hl=en&view_op=search_authors&mauthors=Hossein%20Haghbin
INFO:scholarly:Session proxy config is {}
INFO:scholarly:Found 2 authors
INFO:scholarly:Getting https://scholar.google.com/citations?hl=en&user=yeRSqxAAAAAJ&pagesize=100
INFO:scholarly:Session proxy config is {}
INFO:scholarly:Getting https://scholar.google.com/citations?hl=en&view_op=search_authors&mauthors=Alireza%20Keshavarz-Haddad
INFO:scholarly:Session proxy config is {}
INFO:scholarly:Found 1 authors
INFO:scholarly:Getting https://scholar.google.com/citations?hl=en&user=AOnkCWAAAAAJ&pagesize=100
INFO:scholarly:Session proxy config is {}
INFO:scholarly:Getting https://scholar.google.com/citations?hl=en&view_op=search_authors&mauthors=Mohammad%20Rastegar
INFO:scholarly:Session proxy config is {}
INFO:scholarly:Found 4 authors
INFO:scholarly:Getting https://scholar.google.com/citations?hl=en&user=9g_JtkIAAAAJ&pagesize=100
INFO:scholarly:Session proxy config is {}
INFO:scholarly:Getting https://scholar.google.com/citations?hl=en&view_op=search_authors&mauthors=Ali%20Jamshidi
INFO:scholarly:Session proxy config is {}
INFO:scholarly:Found 9 authors
INFO:scholarly:Getting https://scholar.google.com/citations?hl=en&user=m1knSK8AAAAJ&pagesize=100
INFO:scholarly:Session proxy config is {}
INFO:scholarly:Getting https://scholar.google.com/citations?hl=en&view_op=search_authors&mauthors=Ali%20Jamshidi
INFO:scholarly:Session proxy config is {}
INFO:scholarly:Found 9 authors
INFO:scholarly:Getting https://scholar.google.com/citations?hl=en&user=m1knSK8AAAAJ&pagesize=100
INFO:scholarly:Session proxy config is {}
INFO:scholarly:Getting https://scholar.google.com/citations?hl=en&view_op=search_authors&mauthors=kimia%20kamiyab
INFO:scholarly:Session proxy config is {}
INFO:scholarly:Found 0 authors
INFO:scholarly:No more author pages
INFO:scholarly:Getting https://scholar.google.com/citations?hl=en&view_op=search_authors&mauthors=Mohammad%20Rastegar
INFO:scholarly:Session proxy config is {}
INFO:scholarly:Found 4 authors
INFO:scholarly:Getting https://scholar.google.com/citations?hl=en&user=9g_JtkIAAAAJ&pagesize=100
INFO:scholarly:Session proxy config is {}
INFO:scholarly:Getting https://scholar.google.com/citations?hl=en&view_op=search_authors&mauthors=kimia%20Kamiyab
INFO:scholarly:Session proxy config is {}
INFO:scholarly:Found 0 authors
INFO:scholarly:No more author pages
INFO:scholarly:Getting https://scholar.google.com/citations?hl=en&view_op=search_authors&mauthors=kimia%20kamiyab
INFO:scholarly:Session proxy config is {}
INFO:scholarly:Found 0 authors
INFO:scholarly:No more author pages
INFO:scholarly:Getting https://scholar.google.com/citations?hl=en&view_op=search_authors&mauthors=kimia%20kamiyab
INFO:scholarly:Session proxy config is {}
INFO:scholarly:Found 0 authors
INFO:scholarly:No more author pages
INFO:scholarly:Getting https://scholar.google.com/citations?hl=en&view_op=search_authors&mauthors=Hossein%20Haghbin
INFO:scholarly:Session proxy config is {}
INFO:scholarly:Found 2 authors
INFO:scholarly:Getting https://scholar.google.com/citations?hl=en&user=yeRSqxAAAAAJ&pagesize=100
INFO:scholarly:Session proxy config is {}
INFO:scholarly:Getting https://scholar.google.com/citations?hl=en&view_op=search_authors&mauthors=kimia%20Kamiyab
INFO:scholarly:Session proxy config is {}
INFO:scholarly:Found 0 authors
INFO:scholarly:No more author pages
INFO:scholarly:Getting https://scholar.google.com/citations?hl=en&view_op=search_authors&mauthors=reza%20boostani
INFO:scholarly:Session proxy config is {}
INFO:scholarly:Found 2 authors
INFO:scholarly:Getting https://scholar.google.com/citations?hl=en&user=h-E-Ce4AAAAJ&pagesize=100
INFO:scholarly:Session proxy config is {}
INFO:scholarly:Getting https://scholar.google.com/citations?hl=en&user=h-E-Ce4AAAAJ&cstart=100&pagesize=100
INFO:scholarly:Session proxy config is {}
INFO:scholarly:Getting https://scholar.google.com/citations?hl=en&view_op=search_authors&mauthors=kimia%20kamiyab
INFO:scholarly:Session proxy config is {}
INFO:scholarly:Found 0 authors
INFO:scholarly:No more author pages
INFO:scholarly:Getting https://scholar.google.com/citations?hl=en&view_op=search_authors&mauthors=reza%20boostani
INFO:scholarly:Session proxy config is {}
INFO:scholarly:Found 2 authors
INFO:scholarly:Getting https://scholar.google.com/citations?hl=en&user=h-E-Ce4AAAAJ&pagesize=100
INFO:scholarly:Session proxy config is {}
INFO:scholarly:Getting https://scholar.google.com/citations?hl=en&user=h-E-Ce4AAAAJ&cstart=100&pagesize=100
INFO:scholarly:Session proxy config is {}
INFO:scholarly:Getting https://scholar.google.com/citations?hl=en&view_op=search_authors&mauthors=saeid%20saeidi
INFO:scholarly:Session proxy config is {}
INFO:scholarly:Found 4 authors
INFO:scholarly:Getting https://scholar.google.com/citations?hl=en&user=AfahUsEAAAAJ&pagesize=100
INFO:scholarly:Session proxy config is {}
INFO:scholarly:Getting https://scholar.google.com/citations?hl=en&view_op=search_authors&mauthors=Reza%20Roshan%20fekr
INFO:scholarly:Session proxy config is {}
INFO:scholarly:Found 1 authors
INFO:scholarly:Getting https://scholar.google.com/citations?hl=en&user=pWItjFAAAAAJ&pagesize=100
INFO:scholarly:Session proxy config is {}
INFO:scholarly:Getting https://scholar.google.com/citations?hl=en&view_op=search_authors&mauthors=Zohreh%20Azimi
INFO:scholarly:Session proxy config is {}
INFO:scholarly:Found 0 authors
INFO:scholarly:No more author pages
INFO:scholarly:Getting https://scholar.google.com/citations?hl=en&view_op=search_authors&mauthors=Zohre%20Azimi
INFO:scholarly:Session proxy config is {}
INFO:scholarly:Found 0 authors
INFO:scholarly:No more author pages
INFO:scholarly:Getting https://scholar.google.com/citations?hl=en&view_op=search_authors&mauthors=Zohre%20Azimi
INFO:scholarly:Session proxy config is {}
INFO:scholarly:Found 0 authors
INFO:scholarly:No more author pages
INFO:scholarly:Getting https://scholar.google.com/citations?hl=en&view_op=search_authors&mauthors=Aliakbar%20Safavi
INFO:scholarly:Session proxy config is {}
INFO:scholarly:Found 1 authors
INFO:scholarly:Getting https://scholar.google.com/citations?hl=en&user=r5zor48AAAAJ&pagesize=100
INFO:scholarly:Session proxy config is {}
INFO:scholarly:Getting https://scholar.google.com/citations?hl=en&user=r5zor48AAAAJ&cstart=100&pagesize=100
INFO:scholarly:Session proxy config is {}
INFO:scholarly:Getting https://scholar.google.com/citations?hl=en&user=r5zor48AAAAJ&cstart=200&pagesize=100
INFO:scholarly:Session proxy config is {}
INFO:scholarly:Getting https://scholar.google.com/citations?hl=en&view_op=search_authors&mauthors=Ali%20Akbar%20Safavi
INFO:scholarly:Session proxy config is {}
INFO:scholarly:Found 1 authors
INFO:scholarly:Getting https://scholar.google.com/citations?hl=en&user=r5zor48AAAAJ&pagesize=100
INFO:scholarly:Session proxy config is {}
INFO:scholarly:Getting https://scholar.google.com/citations?hl=en&user=r5zor48AAAAJ&cstart=100&pagesize=100
INFO:scholarly:Session proxy config is {}
INFO:scholarly:Getting https://scholar.google.com/citations?hl=en&user=r5zor48AAAAJ&cstart=200&pagesize=100
INFO:scholarly:Session proxy config is {}
INFO:scholarly:Getting https://scholar.google.com/citations?hl=en&view_op=search_authors&mauthors=Ali%20Akbar%20Safavi
INFO:scholarly:Session proxy config is {}
INFO:scholarly:Found 1 authors
INFO:scholarly:Getting https://scholar.google.com/citations?hl=en&user=r5zor48AAAAJ&pagesize=100
INFO:scholarly:Session proxy config is {}
INFO:scholarly:Getting https://scholar.google.com/citations?hl=en&user=r5zor48AAAAJ&cstart=100&pagesize=100
INFO:scholarly:Session proxy config is {}
INFO:scholarly:Getting https://scholar.google.com/citations?hl=en&user=r5zor48AAAAJ&cstart=200&pagesize=100
INFO:scholarly:Session proxy config is {}
